生成启动时间为 2015/4/16 0:14:38。
     1>项目“C:\Users\lisa\Desktop\660\authoring tool\project\ode-0.13\build\vs2010\ode.vcxproj”在节点 2 上(build 个目标)。
     1>InitializeBuildStatus:
         正在创建“Debug\ode.unsuccessfulbuild”，因为已指定“AlwaysCreate”。
       ClCompile:
         c:\Program Files (x86)\Microsoft Visual Studio 10.0\VC\bin\CL.exe /c /Zi /nologo /W1 /WX- /O2 /Oy- /Gm- /EHsc /MD /GS /fp:precise /Zc:wchar_t /Zc:forScope /Fo"Debug\\" /Fd"Debug\vc100.pdb" /Gd /TP /analyze- /errorReport:prompt ..\..\ode\src\joints\amotor.cpp ..\..\ode\src\joints\ball.cpp ..\..\ode\src\joints\contact.cpp ..\..\ode\src\joints\dball.cpp ..\..\ode\src\joints\dhinge.cpp ..\..\ode\src\joints\fixed.cpp ..\..\ode\src\joints\hinge.cpp ..\..\ode\src\joints\hinge2.cpp ..\..\ode\src\joints\joint.cpp ..\..\ode\src\joints\lmotor.cpp ..\..\ode\src\joints\null.cpp ..\..\ode\src\joints\piston.cpp ..\..\ode\src\joints\plane2d.cpp ..\..\ode\src\joints\pr.cpp ..\..\ode\src\joints\pu.cpp ..\..\ode\src\joints\slider.cpp ..\..\ode\src\joints\transmission.cpp ..\..\ode\src\joints\universal.cpp ..\..\ode\src\array.cpp ..\..\ode\src\box.cpp ..\..\ode\src\capsule.cpp ..\..\ode\src\collision_cylinder_box.cpp ..\..\ode\src\collision_cylinder_plane.cpp ..\..\ode\src\collision_cylinder_sphere.cpp ..\..\ode\src\collision_cylinder_trimesh.cpp ..\..\ode\src\collision_kernel.cpp ..\..\ode\src\collision_quadtreespace.cpp ..\..\ode\src\collision_sapspace.cpp ..\..\ode\src\collision_space.cpp ..\..\ode\src\collision_transform.cpp ..\..\ode\src\collision_trimesh_box.cpp ..\..\ode\src\collision_trimesh_ccylinder.cpp ..\..\ode\src\collision_trimesh_disabled.cpp ..\..\ode\src\collision_trimesh_distance.cpp ..\..\ode\src\collision_trimesh_gimpact.cpp ..\..\ode\src\collision_trimesh_opcode.cpp ..\..\ode\src\collision_trimesh_plane.cpp ..\..\ode\src\collision_trimesh_ray.cpp ..\..\ode\src\collision_trimesh_sphere.cpp ..\..\ode\src\collision_trimesh_trimesh.cpp ..\..\ode\src\collision_trimesh_trimesh_new.cpp ..\..\ode\src\collision_util.cpp ..\..\ode\src\convex.cpp ..\..\ode\src\cylinder.cpp ..\..\ode\src\error.cpp "..\..\ode\src\export-dif.cpp" ..\..\ode\src\heightfield.cpp ..\..\ode\src\lcp.cpp ..\..\ode\src\mass.cpp ..\..\ode\src\mat.cpp ..\..\ode\src\matrix.cpp ..\..\ode\src\memory.cpp ..\..\ode\src\misc.cpp ..\..\ode\src\objects.cpp ..\..\ode\src\obstack.cpp ..\..\ode\src\ode.cpp ..\..\ode\src\odeinit.cpp ..\..\ode\src\odemath.cpp ..\..\ode\src\odeou.cpp ..\..\ode\src\odetls.cpp ..\..\ode\src\plane.cpp ..\..\ode\src\quickstep.cpp ..\..\ode\src\ray.cpp ..\..\ode\src\rotation.cpp ..\..\ode\src\sphere.cpp ..\..\ode\src\step.cpp ..\..\ode\src\threading_base.cpp ..\..\ode\src\threading_impl.cpp ..\..\ode\src\threading_pool_posix.cpp ..\..\ode\src\threading_pool_win.cpp ..\..\ode\src\timer.cpp ..\..\ode\src\util.cpp ..\..\ou\src\ou\atomic.cpp ..\..\ou\src\ou\customization.cpp ..\..\ou\src\ou\malloc.cpp ..\..\ou\src\ou\threadlocalstorage.cpp ..\..\ou\test\outest.cpp ..\..\OPCODE\Opcode.cpp ..\..\OPCODE\OPC_AABBCollider.cpp ..\..\OPCODE\OPC_AABBTree.cpp ..\..\OPCODE\OPC_BaseModel.cpp ..\..\OPCODE\OPC_Collider.cpp ..\..\OPCODE\OPC_Common.cpp ..\..\OPCODE\OPC_HybridModel.cpp ..\..\OPCODE\OPC_LSSCollider.cpp ..\..\OPCODE\OPC_MeshInterface.cpp ..\..\OPCODE\OPC_Model.cpp ..\..\OPCODE\OPC_OBBCollider.cpp ..\..\OPCODE\OPC_OptimizedTree.cpp ..\..\OPCODE\OPC_Picking.cpp ..\..\OPCODE\OPC_PlanesCollider.cpp ..\..\OPCODE\OPC_RayCollider.cpp ..\..\OPCODE\OPC_SphereCollider.cpp ..\..\OPCODE\OPC_TreeBuilders.cpp ..\..\OPCODE\OPC_TreeCollider.cpp ..\..\OPCODE\OPC_VolumeCollider.cpp ..\..\OPCODE\Ice\IceAABB.cpp ..\..\OPCODE\Ice\IceContainer.cpp ..\..\OPCODE\Ice\IceHPoint.cpp ..\..\OPCODE\Ice\IceIndexedTriangle.cpp ..\..\OPCODE\Ice\IceMatrix3x3.cpp ..\..\OPCODE\Ice\IceMatrix4x4.cpp ..\..\OPCODE\Ice\IceOBB.cpp ..\..\OPCODE\Ice\IcePlane.cpp ..\..\OPCODE\Ice\IcePoint.cpp ..\..\OPCODE\Ice\IceRandom.cpp ..\..\OPCODE\Ice\IceRay.cpp ..\..\OPCODE\Ice\IceRevisitedRadix.cpp ..\..\OPCODE\Ice\IceSegment.cpp ..\..\OPCODE\Ice\IceTriangle.cpp ..\..\OPCODE\Ice\IceUtils.cpp
         amotor.cpp
     1>..\..\ode\src\joints\amotor.cpp(24): fatal error C1083: 无法打开包括文件:“ode/odeconfig.h”: No such file or directory
         ball.cpp
     1>..\..\ode\src\joints\ball.cpp(24): fatal error C1083: 无法打开包括文件:“ode/odeconfig.h”: No such file or directory
         contact.cpp
     1>..\..\ode\src\joints\contact.cpp(24): fatal error C1083: 无法打开包括文件:“ode/odeconfig.h”: No such file or directory
         dball.cpp
     1>..\..\ode\src\joints\dball.cpp(24): fatal error C1083: 无法打开包括文件:“ode/odeconfig.h”: No such file or directory
         dhinge.cpp
     1>..\..\ode\src\joints\dhinge.cpp(24): fatal error C1083: 无法打开包括文件:“ode/odeconfig.h”: No such file or directory
         fixed.cpp
     1>..\..\ode\src\joints\fixed.cpp(24): fatal error C1083: 无法打开包括文件:“ode/odeconfig.h”: No such file or directory
         hinge.cpp
     1>..\..\ode\src\joints\hinge.cpp(24): fatal error C1083: 无法打开包括文件:“ode/odeconfig.h”: No such file or directory
         hinge2.cpp
     1>..\..\ode\src\joints\hinge2.cpp(24): fatal error C1083: 无法打开包括文件:“ode/odeconfig.h”: No such file or directory
         joint.cpp
     1>..\..\ode\src\joints\joint.cpp(32): fatal error C1083: 无法打开包括文件:“ode/ode.h”: No such file or directory
         lmotor.cpp
     1>..\..\ode\src\joints\lmotor.cpp(24): fatal error C1083: 无法打开包括文件:“ode/odeconfig.h”: No such file or directory
         null.cpp
     1>..\..\ode\src\joints\null.cpp(24): fatal error C1083: 无法打开包括文件:“ode/odeconfig.h”: No such file or directory
         piston.cpp
     1>..\..\ode\src\joints\piston.cpp(24): fatal error C1083: 无法打开包括文件:“ode/odeconfig.h”: No such file or directory
         plane2d.cpp
     1>..\..\ode\src\joints\plane2d.cpp(24): fatal error C1083: 无法打开包括文件:“ode/odeconfig.h”: No such file or directory
         pr.cpp
     1>..\..\ode\src\joints\pr.cpp(24): fatal error C1083: 无法打开包括文件:“ode/odeconfig.h”: No such file or directory
         pu.cpp
     1>..\..\ode\src\joints\pu.cpp(24): fatal error C1083: 无法打开包括文件:“ode/odeconfig.h”: No such file or directory
         slider.cpp
     1>..\..\ode\src\joints\slider.cpp(24): fatal error C1083: 无法打开包括文件:“ode/odeconfig.h”: No such file or directory
         transmission.cpp
     1>..\..\ode\src\joints\transmission.cpp(24): fatal error C1083: 无法打开包括文件:“ode/odeconfig.h”: No such file or directory
         universal.cpp
     1>..\..\ode\src\joints\universal.cpp(24): fatal error C1083: 无法打开包括文件:“ode/odeconfig.h”: No such file or directory
         array.cpp
     1>..\..\ode\src\array.cpp(23): fatal error C1083: 无法打开包括文件:“ode/odeconfig.h”: No such file or directory
         box.cpp
     1>..\..\ode\src\box.cpp(32): fatal error C1083: 无法打开包括文件:“ode/common.h”: No such file or directory
         正在生成代码...
         正在编译...
         capsule.cpp
     1>..\..\ode\src\capsule.cpp(32): fatal error C1083: 无法打开包括文件:“ode/common.h”: No such file or directory
         collision_cylinder_box.cpp
     1>..\..\ode\src\collision_cylinder_box.cpp(28): fatal error C1083: 无法打开包括文件:“ode/collision.h”: No such file or directory
         collision_cylinder_plane.cpp
     1>..\..\ode\src\collision_cylinder_plane.cpp(32): fatal error C1083: 无法打开包括文件:“ode/collision.h”: No such file or directory
         collision_cylinder_sphere.cpp
     1>..\..\ode\src\collision_cylinder_sphere.cpp(43): fatal error C1083: 无法打开包括文件:“ode/collision.h”: No such file or directory
         collision_cylinder_trimesh.cpp
     1>..\..\ode\src\collision_cylinder_trimesh.cpp(29): fatal error C1083: 无法打开包括文件:“ode/collision.h”: No such file or directory
         collision_kernel.cpp
     1>..\..\ode\src\collision_kernel.cpp(30): fatal error C1083: 无法打开包括文件:“ode/common.h”: No such file or directory
         collision_quadtreespace.cpp
     1>..\..\ode\src\collision_quadtreespace.cpp(26): fatal error C1083: 无法打开包括文件:“ode/common.h”: No such file or directory
         collision_sapspace.cpp
     1>..\..\ode\src\collision_sapspace.cpp(36): fatal error C1083: 无法打开包括文件:“ode/common.h”: No such file or directory
         collision_space.cpp
     1>..\..\ode\src\collision_space.cpp(31): fatal error C1083: 无法打开包括文件:“ode/common.h”: No such file or directory
         collision_transform.cpp
     1>..\..\ode\src\collision_transform.cpp(29): fatal error C1083: 无法打开包括文件:“ode/collision.h”: No such file or directory
         collision_trimesh_box.cpp
     1>..\..\ode\src\collision_trimesh_box.cpp(32): fatal error C1083: 无法打开包括文件:“ode/collision.h”: No such file or directory
         collision_trimesh_ccylinder.cpp
     1>..\..\ode\src\collision_trimesh_ccylinder.cpp(53): fatal error C1083: 无法打开包括文件:“ode/collision.h”: No such file or directory
         collision_trimesh_disabled.cpp
     1>..\..\ode\src\collision_trimesh_disabled.cpp(23): fatal error C1083: 无法打开包括文件:“ode/collision.h”: No such file or directory
         collision_trimesh_distance.cpp
     1>..\..\ode\src\collision_trimesh_distance.cpp(27): fatal error C1083: 无法打开包括文件:“ode/common.h”: No such file or directory
         collision_trimesh_gimpact.cpp
     1>..\..\ode\src\collision_trimesh_gimpact.cpp(23): fatal error C1083: 无法打开包括文件:“ode/collision.h”: No such file or directory
         collision_trimesh_opcode.cpp
     1>..\..\ode\src\collision_trimesh_opcode.cpp(25): fatal error C1083: 无法打开包括文件:“ode/collision.h”: No such file or directory
         collision_trimesh_plane.cpp
     1>..\..\ode\src\collision_trimesh_plane.cpp(25): fatal error C1083: 无法打开包括文件:“ode/collision.h”: No such file or directory
         collision_trimesh_ray.cpp
     1>..\..\ode\src\collision_trimesh_ray.cpp(25): fatal error C1083: 无法打开包括文件:“ode/collision.h”: No such file or directory
         collision_trimesh_sphere.cpp
     1>..\..\ode\src\collision_trimesh_sphere.cpp(25): fatal error C1083: 无法打开包括文件:“ode/collision.h”: No such file or directory
         collision_trimesh_trimesh.cpp
     1>..\..\ode\src\collision_trimesh_trimesh.cpp(29): fatal error C1083: 无法打开包括文件:“ode/collision.h”: No such file or directory
         正在生成代码...
         正在编译...
         collision_trimesh_trimesh_new.cpp
     1>..\..\ode\src\collision_trimesh_trimesh_new.cpp(30): fatal error C1083: 无法打开包括文件:“ode/collision.h”: No such file or directory
         collision_util.cpp
     1>..\..\ode\src\collision_util.cpp(30): fatal error C1083: 无法打开包括文件:“ode/common.h”: No such file or directory
         convex.cpp
     1>..\..\ode\src\convex.cpp(26): fatal error C1083: 无法打开包括文件:“ode/common.h”: No such file or directory
         cylinder.cpp
     1>..\..\ode\src\cylinder.cpp(32): fatal error C1083: 无法打开包括文件:“ode/common.h”: No such file or directory
         error.cpp
     1>..\..\ode\src\error.cpp(23): fatal error C1083: 无法打开包括文件:“ode/odeconfig.h”: No such file or directory
         export-dif.cpp
     1>..\..\ode\src\export-dif.cpp(36): fatal error C1083: 无法打开包括文件:“ode/ode.h”: No such file or directory
         heightfield.cpp
     1>..\..\ode\src\heightfield.cpp(31): fatal error C1083: 无法打开包括文件:“ode/common.h”: No such file or directory
         lcp.cpp
     1>..\..\ode\src\lcp.cpp(111): fatal error C1083: 无法打开包括文件:“ode/common.h”: No such file or directory
         mass.cpp
     1>..\..\ode\src\mass.cpp(23): fatal error C1083: 无法打开包括文件:“ode/odeconfig.h”: No such file or directory
         mat.cpp
     1>..\..\ode\src\mat.cpp(23): fatal error C1083: 无法打开包括文件:“ode/odeconfig.h”: No such file or directory
         matrix.cpp
     1>..\..\ode\src\matrix.cpp(23): fatal error C1083: 无法打开包括文件:“ode/common.h”: No such file or directory
         memory.cpp
     1>..\..\ode\src\memory.cpp(23): fatal error C1083: 无法打开包括文件:“ode/odeconfig.h”: No such file or directory
         misc.cpp
     1>..\..\ode\src\misc.cpp(23): fatal error C1083: 无法打开包括文件:“ode/odeconfig.h”: No such file or directory
         objects.cpp
     1>..\..\ode\src\objects.cpp(26): fatal error C1083: 无法打开包括文件:“ode/common.h”: No such file or directory
         obstack.cpp
     1>..\..\ode\src\obstack.cpp(23): fatal error C1083: 无法打开包括文件:“ode/common.h”: No such file or directory
         ode.cpp
     1>..\..\ode\src\ode.cpp(30): fatal error C1083: 无法打开包括文件:“ode/ode.h”: No such file or directory
         odeinit.cpp
     1>..\..\ode\src\odeinit.cpp(29): fatal error C1083: 无法打开包括文件:“ode/common.h”: No such file or directory
         odemath.cpp
     1>..\..\ode\src\odemath.cpp(23): fatal error C1083: 无法打开包括文件:“ode/common.h”: No such file or directory
         odeou.cpp
     1>..\..\ode\src\odeou.cpp(35): fatal error C1083: 无法打开包括文件:“ode/common.h”: No such file or directory
         odetls.cpp
     1>..\..\ode\src\odetls.cpp(34): fatal error C1083: 无法打开包括文件:“ode/common.h”: No such file or directory
         正在生成代码...
         正在编译...
         plane.cpp
     1>..\..\ode\src\plane.cpp(32): fatal error C1083: 无法打开包括文件:“ode/common.h”: No such file or directory
         quickstep.cpp
     1>..\..\ode\src\quickstep.cpp(23): fatal error C1083: 无法打开包括文件:“ode/common.h”: No such file or directory
         ray.cpp
     1>..\..\ode\src\ray.cpp(32): fatal error C1083: 无法打开包括文件:“ode/common.h”: No such file or directory
         rotation.cpp
     1>..\..\ode\src\rotation.cpp(30): fatal error C1083: 无法打开包括文件:“ode/rotation.h”: No such file or directory
         sphere.cpp
     1>..\..\ode\src\sphere.cpp(32): fatal error C1083: 无法打开包括文件:“ode/common.h”: No such file or directory
         step.cpp
     1>..\..\ode\src\step.cpp(23): fatal error C1083: 无法打开包括文件:“ode/odeconfig.h”: No such file or directory
         threading_base.cpp
     1>..\..\ode\src\threading_base.cpp(33): fatal error C1083: 无法打开包括文件:“ode/common.h”: No such file or directory
         threading_impl.cpp
     1>..\..\ode\src\threading_impl.cpp(32): fatal error C1083: 无法打开包括文件:“ode/common.h”: No such file or directory
         threading_pool_posix.cpp
         threading_pool_win.cpp
     1>..\..\ode\src\threading_pool_win.cpp(34): fatal error C1083: 无法打开包括文件:“ode/odeconfig.h”: No such file or directory
         timer.cpp
     1>..\..\ode\src\timer.cpp(33): fatal error C1083: 无法打开包括文件:“ode/common.h”: No such file or directory
         util.cpp
     1>..\..\ode\src\util.cpp(23): fatal error C1083: 无法打开包括文件:“ode/ode.h”: No such file or directory
         atomic.cpp
     1>..\..\ou\src\ou\atomic.cpp(27): fatal error C1083: 无法打开包括文件:“ou/atomic.h”: No such file or directory
         customization.cpp
     1>..\..\ou\src\ou\customization.cpp(27): fatal error C1083: 无法打开包括文件:“ou/customization.h”: No such file or directory
         malloc.cpp
     1>..\..\ou\src\ou\malloc.cpp(27): fatal error C1083: 无法打开包括文件:“ou/malloc.h”: No such file or directory
         threadlocalstorage.cpp
     1>..\..\ou\src\ou\threadlocalstorage.cpp(27): fatal error C1083: 无法打开包括文件:“ou/threadlocalstorage.h”: No such file or directory
         outest.cpp
     1>..\..\ou\test\outest.cpp(27): fatal error C1083: 无法打开包括文件:“ou/platform.h”: No such file or directory
         Opcode.cpp
     1>c:\users\lisa\desktop\660\authoring tool\project\ode-0.13\opcode\Ice/IceIndexedTriangle.h(10): fatal error C1083: 无法打开包括文件:“ode/common.h”: No such file or directory
         OPC_AABBCollider.cpp
     1>c:\users\lisa\desktop\660\authoring tool\project\ode-0.13\opcode\Ice/IceIndexedTriangle.h(10): fatal error C1083: 无法打开包括文件:“ode/common.h”: No such file or directory
         OPC_AABBTree.cpp
     1>c:\users\lisa\desktop\660\authoring tool\project\ode-0.13\opcode\Ice/IceIndexedTriangle.h(10): fatal error C1083: 无法打开包括文件:“ode/common.h”: No such file or directory
         正在生成代码...
         正在编译...
         OPC_BaseModel.cpp
     1>c:\users\lisa\desktop\660\authoring tool\project\ode-0.13\opcode\Ice/IceIndexedTriangle.h(10): fatal error C1083: 无法打开包括文件:“ode/common.h”: No such file or directory
         OPC_Collider.cpp
     1>c:\users\lisa\desktop\660\authoring tool\project\ode-0.13\opcode\Ice/IceIndexedTriangle.h(10): fatal error C1083: 无法打开包括文件:“ode/common.h”: No such file or directory
         OPC_Common.cpp
     1>c:\users\lisa\desktop\660\authoring tool\project\ode-0.13\opcode\Ice/IceIndexedTriangle.h(10): fatal error C1083: 无法打开包括文件:“ode/common.h”: No such file or directory
         OPC_HybridModel.cpp
     1>c:\users\lisa\desktop\660\authoring tool\project\ode-0.13\opcode\Ice/IceIndexedTriangle.h(10): fatal error C1083: 无法打开包括文件:“ode/common.h”: No such file or directory
         OPC_LSSCollider.cpp
     1>c:\users\lisa\desktop\660\authoring tool\project\ode-0.13\opcode\Ice/IceIndexedTriangle.h(10): fatal error C1083: 无法打开包括文件:“ode/common.h”: No such file or directory
         OPC_MeshInterface.cpp
     1>c:\users\lisa\desktop\660\authoring tool\project\ode-0.13\opcode\Ice/IceIndexedTriangle.h(10): fatal error C1083: 无法打开包括文件:“ode/common.h”: No such file or directory
         OPC_Model.cpp
     1>c:\users\lisa\desktop\660\authoring tool\project\ode-0.13\opcode\Ice/IceIndexedTriangle.h(10): fatal error C1083: 无法打开包括文件:“ode/common.h”: No such file or directory
         OPC_OBBCollider.cpp
     1>c:\users\lisa\desktop\660\authoring tool\project\ode-0.13\opcode\Ice/IceIndexedTriangle.h(10): fatal error C1083: 无法打开包括文件:“ode/common.h”: No such file or directory
         OPC_OptimizedTree.cpp
     1>c:\users\lisa\desktop\660\authoring tool\project\ode-0.13\opcode\Ice/IceIndexedTriangle.h(10): fatal error C1083: 无法打开包括文件:“ode/common.h”: No such file or directory
         OPC_Picking.cpp
     1>c:\users\lisa\desktop\660\authoring tool\project\ode-0.13\opcode\Ice/IceIndexedTriangle.h(10): fatal error C1083: 无法打开包括文件:“ode/common.h”: No such file or directory
         OPC_PlanesCollider.cpp
     1>c:\users\lisa\desktop\660\authoring tool\project\ode-0.13\opcode\Ice/IceIndexedTriangle.h(10): fatal error C1083: 无法打开包括文件:“ode/common.h”: No such file or directory
         OPC_RayCollider.cpp
     1>c:\users\lisa\desktop\660\authoring tool\project\ode-0.13\opcode\Ice/IceIndexedTriangle.h(10): fatal error C1083: 无法打开包括文件:“ode/common.h”: No such file or directory
         OPC_SphereCollider.cpp
     1>c:\users\lisa\desktop\660\authoring tool\project\ode-0.13\opcode\Ice/IceIndexedTriangle.h(10): fatal error C1083: 无法打开包括文件:“ode/common.h”: No such file or directory
         OPC_TreeBuilders.cpp
     1>c:\users\lisa\desktop\660\authoring tool\project\ode-0.13\opcode\Ice/IceIndexedTriangle.h(10): fatal error C1083: 无法打开包括文件:“ode/common.h”: No such file or directory
         OPC_TreeCollider.cpp
     1>c:\users\lisa\desktop\660\authoring tool\project\ode-0.13\opcode\Ice/IceIndexedTriangle.h(10): fatal error C1083: 无法打开包括文件:“ode/common.h”: No such file or directory
         OPC_VolumeCollider.cpp
     1>c:\users\lisa\desktop\660\authoring tool\project\ode-0.13\opcode\Ice/IceIndexedTriangle.h(10): fatal error C1083: 无法打开包括文件:“ode/common.h”: No such file or directory
         IceAABB.cpp
     1>..\..\OPCODE\Ice\IceAABB.cpp(21): fatal error C1083: 无法打开包括文件:“Stdafx.h”: No such file or directory
         IceContainer.cpp
     1>..\..\OPCODE\Ice\IceContainer.cpp(25): fatal error C1083: 无法打开包括文件:“Stdafx.h”: No such file or directory
         IceHPoint.cpp
     1>..\..\OPCODE\Ice\IceHPoint.cpp(29): fatal error C1083: 无法打开包括文件:“Stdafx.h”: No such file or directory
         IceIndexedTriangle.cpp
     1>..\..\OPCODE\Ice\IceIndexedTriangle.cpp(12): fatal error C1083: 无法打开包括文件:“Stdafx.h”: No such file or directory
         正在生成代码...
         正在编译...
         IceMatrix3x3.cpp
     1>..\..\OPCODE\Ice\IceMatrix3x3.cpp(36): fatal error C1083: 无法打开包括文件:“Stdafx.h”: No such file or directory
         IceMatrix4x4.cpp
     1>..\..\OPCODE\Ice\IceMatrix4x4.cpp(39): fatal error C1083: 无法打开包括文件:“Stdafx.h”: No such file or directory
         IceOBB.cpp
     1>..\..\OPCODE\Ice\IceOBB.cpp(21): fatal error C1083: 无法打开包括文件:“Stdafx.h”: No such file or directory
         IcePlane.cpp
     1>..\..\OPCODE\Ice\IcePlane.cpp(21): fatal error C1083: 无法打开包括文件:“Stdafx.h”: No such file or directory
         IcePoint.cpp
     1>..\..\OPCODE\Ice\IcePoint.cpp(49): fatal error C1083: 无法打开包括文件:“Stdafx.h”: No such file or directory
         IceRandom.cpp
     1>..\..\OPCODE\Ice\IceRandom.cpp(12): fatal error C1083: 无法打开包括文件:“Stdafx.h”: No such file or directory
         IceRay.cpp
     1>..\..\OPCODE\Ice\IceRay.cpp(62): fatal error C1083: 无法打开包括文件:“Stdafx.h”: No such file or directory
         IceRevisitedRadix.cpp
     1>..\..\OPCODE\Ice\IceRevisitedRadix.cpp(52): fatal error C1083: 无法打开包括文件:“Stdafx.h”: No such file or directory
         IceSegment.cpp
     1>..\..\OPCODE\Ice\IceSegment.cpp(25): fatal error C1083: 无法打开包括文件:“Stdafx.h”: No such file or directory
         IceTriangle.cpp
     1>..\..\OPCODE\Ice\IceTriangle.cpp(12): fatal error C1083: 无法打开包括文件:“Stdafx.h”: No such file or directory
         IceUtils.cpp
     1>..\..\OPCODE\Ice\IceUtils.cpp(12): fatal error C1083: 无法打开包括文件:“Stdafx.h”: No such file or directory
         正在生成代码...
     1>已完成生成项目“C:\Users\lisa\Desktop\660\authoring tool\project\ode-0.13\build\vs2010\ode.vcxproj”(build 个目标)的操作 - 失败。

生成失败。

已用时间 00:00:07.33
