..\..\lib\DebugDoubleDLL\demo_buggy.ilk
..\..\lib\DebugDoubleDLL\demo_buggy.pdb
C:\Users\lisa\Desktop\660\authoring tool\project\ode-0.13\build\bike-ode\..\..\lib\DebugDoubleDLL\demo_buggy.exe
C:\Users\lisa\Desktop\660\authoring tool\project\ode-0.13\build\bike-ode\obj\DebugDoubleDLL\demo_buggy\cl.command.1.tlog
C:\Users\lisa\Desktop\660\authoring tool\project\ode-0.13\build\bike-ode\obj\DebugDoubleDLL\demo_buggy\CL.read.1.tlog
C:\Users\lisa\Desktop\660\authoring tool\project\ode-0.13\build\bike-ode\obj\DebugDoubleDLL\demo_buggy\CL.write.1.tlog
C:\Users\lisa\Desktop\660\authoring tool\project\ode-0.13\build\bike-ode\obj\DebugDoubleDLL\demo_buggy\demo_buggy.exe.embed.manifest
C:\USERS\LISA\DESKTOP\660\AUTHORING TOOL\PROJECT\ODE-0.13\BUILD\BIKE-ODE\OBJ\DEBUGDOUBLEDLL\DEMO_BUGGY\DEMO_BUGGY.EXE.EMBED.MANIFEST.RES
C:\USERS\LISA\DESKTOP\660\AUTHORING TOOL\PROJECT\ODE-0.13\BUILD\BIKE-ODE\OBJ\DEBUGDOUBLEDLL\DEMO_BUGGY\DEMO_BUGGY.EXE.INTERMEDIATE.MANIFEST
C:\USERS\LISA\DESKTOP\660\AUTHORING TOOL\PROJECT\ODE-0.13\BUILD\BIKE-ODE\OBJ\DEBUGDOUBLEDLL\DEMO_BUGGY\DEMO_BUGGY.OBJ
C:\Users\lisa\Desktop\660\authoring tool\project\ode-0.13\build\bike-ode\obj\DebugDoubleDLL\demo_buggy\demo_buggy.vcxprojResolveAssemblyReference.cache
C:\Users\lisa\Desktop\660\authoring tool\project\ode-0.13\build\bike-ode\obj\DebugDoubleDLL\demo_buggy\demo_buggy.write.1.tlog
C:\Users\lisa\Desktop\660\authoring tool\project\ode-0.13\build\bike-ode\obj\DebugDoubleDLL\demo_buggy\demo_buggy_manifest.rc
C:\Users\lisa\Desktop\660\authoring tool\project\ode-0.13\build\bike-ode\obj\DebugDoubleDLL\demo_buggy\link.15764.read.1.tlog
C:\Users\lisa\Desktop\660\authoring tool\project\ode-0.13\build\bike-ode\obj\DebugDoubleDLL\demo_buggy\link.15764.write.1.tlog
C:\Users\lisa\Desktop\660\authoring tool\project\ode-0.13\build\bike-ode\obj\DebugDoubleDLL\demo_buggy\link.15764-cvtres.read.1.tlog
C:\Users\lisa\Desktop\660\authoring tool\project\ode-0.13\build\bike-ode\obj\DebugDoubleDLL\demo_buggy\link.15764-cvtres.write.1.tlog
C:\Users\lisa\Desktop\660\authoring tool\project\ode-0.13\build\bike-ode\obj\DebugDoubleDLL\demo_buggy\link.19044.read.1.tlog
C:\Users\lisa\Desktop\660\authoring tool\project\ode-0.13\build\bike-ode\obj\DebugDoubleDLL\demo_buggy\link.19044.write.1.tlog
C:\Users\lisa\Desktop\660\authoring tool\project\ode-0.13\build\bike-ode\obj\DebugDoubleDLL\demo_buggy\link.19044-cvtres.read.1.tlog
C:\Users\lisa\Desktop\660\authoring tool\project\ode-0.13\build\bike-ode\obj\DebugDoubleDLL\demo_buggy\link.19044-cvtres.write.1.tlog
C:\Users\lisa\Desktop\660\authoring tool\project\ode-0.13\build\bike-ode\obj\DebugDoubleDLL\demo_buggy\link.26980.read.1.tlog
C:\Users\lisa\Desktop\660\authoring tool\project\ode-0.13\build\bike-ode\obj\DebugDoubleDLL\demo_buggy\link.26980.write.1.tlog
C:\Users\lisa\Desktop\660\authoring tool\project\ode-0.13\build\bike-ode\obj\DebugDoubleDLL\demo_buggy\link.26980-cvtres.read.1.tlog
C:\Users\lisa\Desktop\660\authoring tool\project\ode-0.13\build\bike-ode\obj\DebugDoubleDLL\demo_buggy\link.26980-cvtres.write.1.tlog
C:\Users\lisa\Desktop\660\authoring tool\project\ode-0.13\build\bike-ode\obj\DebugDoubleDLL\demo_buggy\link.94212.read.1.tlog
C:\Users\lisa\Desktop\660\authoring tool\project\ode-0.13\build\bike-ode\obj\DebugDoubleDLL\demo_buggy\link.94212.write.1.tlog
C:\Users\lisa\Desktop\660\authoring tool\project\ode-0.13\build\bike-ode\obj\DebugDoubleDLL\demo_buggy\link.94212-cvtres.read.1.tlog
C:\Users\lisa\Desktop\660\authoring tool\project\ode-0.13\build\bike-ode\obj\DebugDoubleDLL\demo_buggy\link.94212-cvtres.write.1.tlog
C:\Users\lisa\Desktop\660\authoring tool\project\ode-0.13\build\bike-ode\obj\DebugDoubleDLL\demo_buggy\link.96732.read.1.tlog
C:\Users\lisa\Desktop\660\authoring tool\project\ode-0.13\build\bike-ode\obj\DebugDoubleDLL\demo_buggy\link.96732.write.1.tlog
C:\Users\lisa\Desktop\660\authoring tool\project\ode-0.13\build\bike-ode\obj\DebugDoubleDLL\demo_buggy\link.96732-cvtres.read.1.tlog
C:\Users\lisa\Desktop\660\authoring tool\project\ode-0.13\build\bike-ode\obj\DebugDoubleDLL\demo_buggy\link.96732-cvtres.write.1.tlog
C:\Users\lisa\Desktop\660\authoring tool\project\ode-0.13\build\bike-ode\obj\DebugDoubleDLL\demo_buggy\link.command.1.tlog
C:\Users\lisa\Desktop\660\authoring tool\project\ode-0.13\build\bike-ode\obj\DebugDoubleDLL\demo_buggy\link.read.1.tlog
C:\Users\lisa\Desktop\660\authoring tool\project\ode-0.13\build\bike-ode\obj\DebugDoubleDLL\demo_buggy\link.write.1.tlog
C:\Users\lisa\Desktop\660\authoring tool\project\ode-0.13\build\bike-ode\obj\DebugDoubleDLL\demo_buggy\link-cvtres.read.1.tlog
C:\Users\lisa\Desktop\660\authoring tool\project\ode-0.13\build\bike-ode\obj\DebugDoubleDLL\demo_buggy\link-cvtres.write.1.tlog
C:\Users\lisa\Desktop\660\authoring tool\project\ode-0.13\build\bike-ode\obj\DebugDoubleDLL\demo_buggy\mt.command.1.tlog
C:\Users\lisa\Desktop\660\authoring tool\project\ode-0.13\build\bike-ode\obj\DebugDoubleDLL\demo_buggy\mt.read.1.tlog
C:\Users\lisa\Desktop\660\authoring tool\project\ode-0.13\build\bike-ode\obj\DebugDoubleDLL\demo_buggy\mt.write.1.tlog
C:\Users\lisa\Desktop\660\authoring tool\project\ode-0.13\build\bike-ode\obj\DebugDoubleDLL\demo_buggy\rc.command.1.tlog
C:\Users\lisa\Desktop\660\authoring tool\project\ode-0.13\build\bike-ode\obj\DebugDoubleDLL\demo_buggy\rc.read.1.tlog
C:\Users\lisa\Desktop\660\authoring tool\project\ode-0.13\build\bike-ode\obj\DebugDoubleDLL\demo_buggy\rc.write.1.tlog
C:\USERS\LISA\DESKTOP\660\AUTHORING TOOL\PROJECT\ODE-0.13\BUILD\BIKE-ODE\OBJ\DEBUGDOUBLEDLL\DEMO_BUGGY\RESOURCES.RES
C:\Users\lisa\Desktop\660\authoring tool\project\ode-0.13\build\bike-ode\obj\DebugDoubleDLL\demo_buggy\vc100.idb
C:\USERS\LISA\DESKTOP\660\AUTHORING TOOL\PROJECT\ODE-0.13\BUILD\BIKE-ODE\OBJ\DEBUGDOUBLEDLL\DEMO_BUGGY\VC100.PDB
C:\USERS\LISA\DESKTOP\660\AUTHORING TOOL\PROJECT\ODE-0.13\BUILD\VS2010\OBJ\DEBUGDOUBLEDLL\DEMO_BUGGY\DEMO_BUGGY.EXE.EMBED.MANIFEST
C:\USERS\LISA\DESKTOP\660\AUTHORING TOOL\PROJECT\ODE-0.13\BUILD\VS2010\OBJ\DEBUGDOUBLEDLL\DEMO_BUGGY\DEMO_BUGGY.EXE.EMBED.MANIFEST.RES
C:\USERS\LISA\DESKTOP\660\AUTHORING TOOL\PROJECT\ODE-0.13\BUILD\VS2010\OBJ\DEBUGDOUBLEDLL\DEMO_BUGGY\DEMO_BUGGY.OBJ
C:\USERS\LISA\DESKTOP\660\AUTHORING TOOL\PROJECT\ODE-0.13\BUILD\VS2010\OBJ\DEBUGDOUBLEDLL\DEMO_BUGGY\VC100.PDB
C:\USERS\LISA\DESKTOP\660\AUTHORING TOOL\PROJECT\ODE-0.13\LIB\DEBUGDOUBLEDLL\DEMO_BUGGY.EXE
C:\USERS\LISA\DESKTOP\660\AUTHORING TOOL\PROJECT\ODE-0.13\LIB\DEBUGDOUBLEDLL\DEMO_BUGGY.ILK
C:\USERS\LISA\DESKTOP\660\AUTHORING TOOL\PROJECT\ODE-0.13\LIB\DEBUGDOUBLEDLL\DEMO_BUGGY.PDB
