生成启动时间为 2015/4/16 0:08:27。
     1>项目“C:\Users\lisa\Desktop\660\authoring tool\project\ode-0.13\build\vs2010\ode.vcxproj”在节点 2 上(build 个目标)。
     1>InitializeBuildStatus:
         正在创建“obj\DebugDoubleLib\ode.unsuccessfulbuild”，因为已指定“AlwaysCreate”。
       ClCompile:
         c:\Program Files (x86)\Microsoft Visual Studio 10.0\VC\bin\CL.exe /c /I..\..\include /I..\..\ode\src /I..\..\ode\src\joints /I..\..\OPCODE /I..\..\GIMPACT\include /I..\..\libccd\src /I..\..\ou\include /ZI /nologo /W3 /WX- /Od /Oy- /D _MT /D _DEBUG /D dIDEDOUBLE /D CCD_IDEDOUBLE /D WIN32 /D _CRT_SECURE_NO_DEPRECATE /D _USE_MATH_DEFINES /D _OU_NAMESPACE=odeou /D ODE_LIB /D _MBCS /Gm /EHsc /RTC1 /MDd /GS /Gy /fp:precise /Zc:wchar_t /Zc:forScope /Fo"obj\DebugDoubleLib\\" /Fd"obj\DebugDoubleLib\vc100.pdb" /Gd /TP /analyze- /errorReport:prompt ..\..\ode\src\joints\amotor.cpp ..\..\ode\src\joints\ball.cpp ..\..\ode\src\joints\contact.cpp ..\..\ode\src\joints\dball.cpp ..\..\ode\src\joints\dhinge.cpp ..\..\ode\src\joints\fixed.cpp ..\..\ode\src\joints\hinge.cpp ..\..\ode\src\joints\hinge2.cpp ..\..\ode\src\joints\joint.cpp ..\..\ode\src\joints\lmotor.cpp ..\..\ode\src\joints\null.cpp ..\..\ode\src\joints\piston.cpp ..\..\ode\src\joints\plane2d.cpp ..\..\ode\src\joints\pr.cpp ..\..\ode\src\joints\pu.cpp ..\..\ode\src\joints\slider.cpp ..\..\ode\src\joints\transmission.cpp ..\..\ode\src\joints\universal.cpp ..\..\ode\src\array.cpp ..\..\ode\src\box.cpp ..\..\ode\src\capsule.cpp ..\..\ode\src\collision_cylinder_box.cpp ..\..\ode\src\collision_cylinder_plane.cpp ..\..\ode\src\collision_cylinder_sphere.cpp ..\..\ode\src\collision_cylinder_trimesh.cpp ..\..\ode\src\collision_kernel.cpp ..\..\ode\src\collision_quadtreespace.cpp ..\..\ode\src\collision_sapspace.cpp ..\..\ode\src\collision_space.cpp ..\..\ode\src\collision_transform.cpp ..\..\ode\src\collision_trimesh_box.cpp ..\..\ode\src\collision_trimesh_ccylinder.cpp ..\..\ode\src\collision_trimesh_disabled.cpp ..\..\ode\src\collision_trimesh_distance.cpp ..\..\ode\src\collision_trimesh_gimpact.cpp ..\..\ode\src\collision_trimesh_opcode.cpp ..\..\ode\src\collision_trimesh_plane.cpp ..\..\ode\src\collision_trimesh_ray.cpp ..\..\ode\src\collision_trimesh_sphere.cpp ..\..\ode\src\collision_trimesh_trimesh.cpp ..\..\ode\src\collision_trimesh_trimesh_new.cpp ..\..\ode\src\collision_util.cpp ..\..\ode\src\convex.cpp ..\..\ode\src\cylinder.cpp ..\..\ode\src\error.cpp "..\..\ode\src\export-dif.cpp" ..\..\ode\src\heightfield.cpp ..\..\ode\src\lcp.cpp ..\..\ode\src\mass.cpp ..\..\ode\src\mat.cpp ..\..\ode\src\matrix.cpp ..\..\ode\src\memory.cpp ..\..\ode\src\misc.cpp ..\..\ode\src\objects.cpp ..\..\ode\src\obstack.cpp ..\..\ode\src\ode.cpp ..\..\ode\src\odeinit.cpp ..\..\ode\src\odemath.cpp ..\..\ode\src\odeou.cpp ..\..\ode\src\odetls.cpp ..\..\ode\src\plane.cpp ..\..\ode\src\quickstep.cpp ..\..\ode\src\ray.cpp ..\..\ode\src\rotation.cpp ..\..\ode\src\sphere.cpp ..\..\ode\src\step.cpp ..\..\ode\src\threading_base.cpp ..\..\ode\src\threading_impl.cpp ..\..\ode\src\threading_pool_posix.cpp ..\..\ode\src\threading_pool_win.cpp ..\..\ode\src\timer.cpp ..\..\ode\src\util.cpp ..\..\ou\src\ou\atomic.cpp ..\..\ou\src\ou\customization.cpp ..\..\ou\src\ou\malloc.cpp ..\..\ou\src\ou\threadlocalstorage.cpp ..\..\ou\test\outest.cpp ..\..\OPCODE\Opcode.cpp ..\..\OPCODE\OPC_AABBCollider.cpp ..\..\OPCODE\OPC_AABBTree.cpp ..\..\OPCODE\OPC_BaseModel.cpp ..\..\OPCODE\OPC_Collider.cpp ..\..\OPCODE\OPC_Common.cpp ..\..\OPCODE\OPC_HybridModel.cpp ..\..\OPCODE\OPC_LSSCollider.cpp ..\..\OPCODE\OPC_MeshInterface.cpp ..\..\OPCODE\OPC_Model.cpp ..\..\OPCODE\OPC_OBBCollider.cpp ..\..\OPCODE\OPC_OptimizedTree.cpp ..\..\OPCODE\OPC_Picking.cpp ..\..\OPCODE\OPC_PlanesCollider.cpp ..\..\OPCODE\OPC_RayCollider.cpp ..\..\OPCODE\OPC_SphereCollider.cpp ..\..\OPCODE\OPC_TreeBuilders.cpp ..\..\OPCODE\OPC_TreeCollider.cpp ..\..\OPCODE\OPC_VolumeCollider.cpp ..\..\OPCODE\Ice\IceAABB.cpp ..\..\OPCODE\Ice\IceContainer.cpp ..\..\OPCODE\Ice\IceHPoint.cpp ..\..\OPCODE\Ice\IceIndexedTriangle.cpp ..\..\OPCODE\Ice\IceMatrix3x3.cpp ..\..\OPCODE\Ice\IceMatrix4x4.cpp ..\..\OPCODE\Ice\IceOBB.cpp ..\..\OPCODE\Ice\IcePlane.cpp ..\..\OPCODE\Ice\IcePoint.cpp ..\..\OPCODE\Ice\IceRandom.cpp ..\..\OPCODE\Ice\IceRay.cpp ..\..\OPCODE\Ice\IceRevisitedRadix.cpp ..\..\OPCODE\Ice\IceSegment.cpp ..\..\OPCODE\Ice\IceTriangle.cpp ..\..\OPCODE\Ice\IceUtils.cpp
         IceUtils.cpp
         IceTriangle.cpp
         IceSegment.cpp
         IceRevisitedRadix.cpp
         IceRay.cpp
         IceRandom.cpp
         IcePoint.cpp
         IcePlane.cpp
         IceOBB.cpp
         IceMatrix4x4.cpp
         IceMatrix3x3.cpp
         IceIndexedTriangle.cpp
         IceHPoint.cpp
         IceContainer.cpp
         IceAABB.cpp
         OPC_VolumeCollider.cpp
         OPC_TreeCollider.cpp
         OPC_TreeBuilders.cpp
         OPC_SphereCollider.cpp
         OPC_RayCollider.cpp
         正在生成代码...
         正在编译...
         OPC_PlanesCollider.cpp
         OPC_Picking.cpp
         OPC_OptimizedTree.cpp
         OPC_OBBCollider.cpp
         OPC_Model.cpp
         OPC_MeshInterface.cpp
         OPC_LSSCollider.cpp
         OPC_HybridModel.cpp
         OPC_Common.cpp
         OPC_Collider.cpp
         OPC_BaseModel.cpp
         OPC_AABBTree.cpp
         OPC_AABBCollider.cpp
         Opcode.cpp
         outest.cpp
         threadlocalstorage.cpp
         malloc.cpp
         customization.cpp
         atomic.cpp
         util.cpp
         正在生成代码...
         正在编译...
         timer.cpp
         threading_pool_win.cpp
         threading_pool_posix.cpp
         threading_impl.cpp
         threading_base.cpp
         step.cpp
         sphere.cpp
         rotation.cpp
         ray.cpp
         quickstep.cpp
         plane.cpp
         odetls.cpp
         odeou.cpp
         odemath.cpp
         odeinit.cpp
         ode.cpp
         obstack.cpp
         objects.cpp
         misc.cpp
         memory.cpp
         正在生成代码...
         正在编译...
         matrix.cpp
         mat.cpp
         mass.cpp
         lcp.cpp
         heightfield.cpp
         export-dif.cpp
         error.cpp
         cylinder.cpp
         convex.cpp
     1>c:\users\lisa\desktop\660\authoring tool\project\ode-0.13\ode\src\convex.cpp(343): warning C4244: “初始化”: 从“dReal”转换到“float”，可能丢失数据
     1>c:\users\lisa\desktop\660\authoring tool\project\ode-0.13\ode\src\convex.cpp(344): warning C4244: “初始化”: 从“dReal”转换到“float”，可能丢失数据
     1>c:\users\lisa\desktop\660\authoring tool\project\ode-0.13\ode\src\convex.cpp(345): warning C4244: “初始化”: 从“dReal”转换到“float”，可能丢失数据
     1>c:\users\lisa\desktop\660\authoring tool\project\ode-0.13\ode\src\convex.cpp(355): warning C4244: “return”: 从“dReal”转换到“float”，可能丢失数据
     1>c:\users\lisa\desktop\660\authoring tool\project\ode-0.13\ode\src\convex.cpp(366): warning C4244: “初始化”: 从“dReal”转换到“float”，可能丢失数据
     1>c:\users\lisa\desktop\660\authoring tool\project\ode-0.13\ode\src\convex.cpp(376): warning C4244: “初始化”: 从“dReal”转换到“float”，可能丢失数据
     1>c:\users\lisa\desktop\660\authoring tool\project\ode-0.13\ode\src\convex.cpp(429): warning C4244: “return”: 从“dReal”转换到“float”，可能丢失数据
         collision_util.cpp
         collision_trimesh_trimesh_new.cpp
         collision_trimesh_trimesh.cpp
         collision_trimesh_sphere.cpp
     1>c:\users\lisa\desktop\660\authoring tool\project\ode-0.13\ode\src\collision_trimesh_sphere.cpp(266): warning C4244: “=”: 从“const dReal”转换到“float”，可能丢失数据
     1>c:\users\lisa\desktop\660\authoring tool\project\ode-0.13\ode\src\collision_trimesh_sphere.cpp(267): warning C4244: “=”: 从“const dReal”转换到“float”，可能丢失数据
     1>c:\users\lisa\desktop\660\authoring tool\project\ode-0.13\ode\src\collision_trimesh_sphere.cpp(268): warning C4244: “=”: 从“const dReal”转换到“float”，可能丢失数据
     1>c:\users\lisa\desktop\660\authoring tool\project\ode-0.13\ode\src\collision_trimesh_sphere.cpp(269): warning C4244: “=”: 从“dReal”转换到“float”，可能丢失数据
         collision_trimesh_ray.cpp
     1>c:\users\lisa\desktop\660\authoring tool\project\ode-0.13\ode\src\collision_trimesh_ray.cpp(62): warning C4244: “参数”: 从“dReal”转换到“float”，可能丢失数据
     1>c:\users\lisa\desktop\660\authoring tool\project\ode-0.13\ode\src\collision_trimesh_ray.cpp(69): warning C4244: “=”: 从“dReal”转换到“float”，可能丢失数据
     1>c:\users\lisa\desktop\660\authoring tool\project\ode-0.13\ode\src\collision_trimesh_ray.cpp(70): warning C4244: “=”: 从“dReal”转换到“float”，可能丢失数据
     1>c:\users\lisa\desktop\660\authoring tool\project\ode-0.13\ode\src\collision_trimesh_ray.cpp(71): warning C4244: “=”: 从“dReal”转换到“float”，可能丢失数据
     1>c:\users\lisa\desktop\660\authoring tool\project\ode-0.13\ode\src\collision_trimesh_ray.cpp(72): warning C4244: “=”: 从“dReal”转换到“float”，可能丢失数据
     1>c:\users\lisa\desktop\660\authoring tool\project\ode-0.13\ode\src\collision_trimesh_ray.cpp(73): warning C4244: “=”: 从“dReal”转换到“float”，可能丢失数据
     1>c:\users\lisa\desktop\660\authoring tool\project\ode-0.13\ode\src\collision_trimesh_ray.cpp(74): warning C4244: “=”: 从“dReal”转换到“float”，可能丢失数据
         collision_trimesh_plane.cpp
         collision_trimesh_opcode.cpp
         collision_trimesh_gimpact.cpp
         collision_trimesh_distance.cpp
         collision_trimesh_disabled.cpp
         collision_trimesh_ccylinder.cpp
     1>c:\users\lisa\desktop\660\authoring tool\project\ode-0.13\ode\src\collision_trimesh_ccylinder.cpp(982): warning C4244: “参数”: 从“const dReal”转换到“float”，可能丢失数据
     1>c:\users\lisa\desktop\660\authoring tool\project\ode-0.13\ode\src\collision_trimesh_ccylinder.cpp(982): warning C4244: “参数”: 从“const dReal”转换到“float”，可能丢失数据
     1>c:\users\lisa\desktop\660\authoring tool\project\ode-0.13\ode\src\collision_trimesh_ccylinder.cpp(982): warning C4244: “参数”: 从“const dReal”转换到“float”，可能丢失数据
     1>c:\users\lisa\desktop\660\authoring tool\project\ode-0.13\ode\src\collision_trimesh_ccylinder.cpp(983): warning C4244: “参数”: 从“const dReal”转换到“float”，可能丢失数据
     1>c:\users\lisa\desktop\660\authoring tool\project\ode-0.13\ode\src\collision_trimesh_ccylinder.cpp(983): warning C4244: “参数”: 从“const dReal”转换到“float”，可能丢失数据
     1>c:\users\lisa\desktop\660\authoring tool\project\ode-0.13\ode\src\collision_trimesh_ccylinder.cpp(983): warning C4244: “参数”: 从“const dReal”转换到“float”，可能丢失数据
     1>c:\users\lisa\desktop\660\authoring tool\project\ode-0.13\ode\src\collision_trimesh_ccylinder.cpp(989): warning C4244: “=”: 从“const dReal”转换到“float”，可能丢失数据
     1>c:\users\lisa\desktop\660\authoring tool\project\ode-0.13\ode\src\collision_trimesh_ccylinder.cpp(990): warning C4244: “=”: 从“const dReal”转换到“float”，可能丢失数据
     1>c:\users\lisa\desktop\660\authoring tool\project\ode-0.13\ode\src\collision_trimesh_ccylinder.cpp(991): warning C4244: “=”: 从“const dReal”转换到“float”，可能丢失数据
     1>c:\users\lisa\desktop\660\authoring tool\project\ode-0.13\ode\src\collision_trimesh_ccylinder.cpp(993): warning C4244: “=”: 从“const dReal”转换到“float”，可能丢失数据
     1>c:\users\lisa\desktop\660\authoring tool\project\ode-0.13\ode\src\collision_trimesh_ccylinder.cpp(994): warning C4244: “=”: 从“const dReal”转换到“float”，可能丢失数据
     1>c:\users\lisa\desktop\660\authoring tool\project\ode-0.13\ode\src\collision_trimesh_ccylinder.cpp(995): warning C4244: “=”: 从“const dReal”转换到“float”，可能丢失数据
     1>c:\users\lisa\desktop\660\authoring tool\project\ode-0.13\ode\src\collision_trimesh_ccylinder.cpp(997): warning C4244: “=”: 从“const dReal”转换到“float”，可能丢失数据
     1>c:\users\lisa\desktop\660\authoring tool\project\ode-0.13\ode\src\collision_trimesh_ccylinder.cpp(998): warning C4244: “=”: 从“const dReal”转换到“float”，可能丢失数据
     1>c:\users\lisa\desktop\660\authoring tool\project\ode-0.13\ode\src\collision_trimesh_ccylinder.cpp(999): warning C4244: “=”: 从“const dReal”转换到“float”，可能丢失数据
         正在生成代码...
         正在编译...
         collision_trimesh_box.cpp
     1>c:\users\lisa\desktop\660\authoring tool\project\ode-0.13\ode\src\collision_trimesh_box.cpp(1153): warning C4244: “=”: 从“const dReal”转换到“float”，可能丢失数据
     1>c:\users\lisa\desktop\660\authoring tool\project\ode-0.13\ode\src\collision_trimesh_box.cpp(1154): warning C4244: “=”: 从“const dReal”转换到“float”，可能丢失数据
     1>c:\users\lisa\desktop\660\authoring tool\project\ode-0.13\ode\src\collision_trimesh_box.cpp(1155): warning C4244: “=”: 从“const dReal”转换到“float”，可能丢失数据
     1>c:\users\lisa\desktop\660\authoring tool\project\ode-0.13\ode\src\collision_trimesh_box.cpp(1163): warning C4244: “=”: 从“const dReal”转换到“float”，可能丢失数据
     1>c:\users\lisa\desktop\660\authoring tool\project\ode-0.13\ode\src\collision_trimesh_box.cpp(1164): warning C4244: “=”: 从“const dReal”转换到“float”，可能丢失数据
     1>c:\users\lisa\desktop\660\authoring tool\project\ode-0.13\ode\src\collision_trimesh_box.cpp(1165): warning C4244: “=”: 从“const dReal”转换到“float”，可能丢失数据
     1>c:\users\lisa\desktop\660\authoring tool\project\ode-0.13\ode\src\collision_trimesh_box.cpp(1167): warning C4244: “=”: 从“const dReal”转换到“float”，可能丢失数据
     1>c:\users\lisa\desktop\660\authoring tool\project\ode-0.13\ode\src\collision_trimesh_box.cpp(1168): warning C4244: “=”: 从“const dReal”转换到“float”，可能丢失数据
     1>c:\users\lisa\desktop\660\authoring tool\project\ode-0.13\ode\src\collision_trimesh_box.cpp(1169): warning C4244: “=”: 从“const dReal”转换到“float”，可能丢失数据
     1>c:\users\lisa\desktop\660\authoring tool\project\ode-0.13\ode\src\collision_trimesh_box.cpp(1171): warning C4244: “=”: 从“const dReal”转换到“float”，可能丢失数据
     1>c:\users\lisa\desktop\660\authoring tool\project\ode-0.13\ode\src\collision_trimesh_box.cpp(1172): warning C4244: “=”: 从“const dReal”转换到“float”，可能丢失数据
     1>c:\users\lisa\desktop\660\authoring tool\project\ode-0.13\ode\src\collision_trimesh_box.cpp(1173): warning C4244: “=”: 从“const dReal”转换到“float”，可能丢失数据
     1>c:\users\lisa\desktop\660\authoring tool\project\ode-0.13\ode\src\collision_trimesh_box.cpp(1175): warning C4244: “=”: 从“const dReal”转换到“float”，可能丢失数据
     1>c:\users\lisa\desktop\660\authoring tool\project\ode-0.13\ode\src\collision_trimesh_box.cpp(1176): warning C4244: “=”: 从“const dReal”转换到“float”，可能丢失数据
     1>c:\users\lisa\desktop\660\authoring tool\project\ode-0.13\ode\src\collision_trimesh_box.cpp(1177): warning C4244: “=”: 从“const dReal”转换到“float”，可能丢失数据
         collision_transform.cpp
         collision_space.cpp
         collision_sapspace.cpp
         collision_quadtreespace.cpp
         collision_kernel.cpp
         collision_cylinder_trimesh.cpp
     1>c:\users\lisa\desktop\660\authoring tool\project\ode-0.13\ode\src\collision_cylinder_trimesh.cpp(976): warning C4244: “参数”: 从“const dReal”转换到“float”，可能丢失数据
     1>c:\users\lisa\desktop\660\authoring tool\project\ode-0.13\ode\src\collision_cylinder_trimesh.cpp(976): warning C4244: “参数”: 从“const dReal”转换到“float”，可能丢失数据
     1>c:\users\lisa\desktop\660\authoring tool\project\ode-0.13\ode\src\collision_cylinder_trimesh.cpp(976): warning C4244: “参数”: 从“const dReal”转换到“float”，可能丢失数据
     1>c:\users\lisa\desktop\660\authoring tool\project\ode-0.13\ode\src\collision_cylinder_trimesh.cpp(978): warning C4244: “参数”: 从“dReal”转换到“float”，可能丢失数据
     1>c:\users\lisa\desktop\660\authoring tool\project\ode-0.13\ode\src\collision_cylinder_trimesh.cpp(978): warning C4244: “参数”: 从“dReal”转换到“float”，可能丢失数据
     1>c:\users\lisa\desktop\660\authoring tool\project\ode-0.13\ode\src\collision_cylinder_trimesh.cpp(978): warning C4244: “参数”: 从“dReal”转换到“float”，可能丢失数据
     1>c:\users\lisa\desktop\660\authoring tool\project\ode-0.13\ode\src\collision_cylinder_trimesh.cpp(979): warning C4244: “=”: 从“dReal”转换到“float”，可能丢失数据
     1>c:\users\lisa\desktop\660\authoring tool\project\ode-0.13\ode\src\collision_cylinder_trimesh.cpp(991): warning C4244: “=”: 从“const dReal”转换到“float”，可能丢失数据
     1>c:\users\lisa\desktop\660\authoring tool\project\ode-0.13\ode\src\collision_cylinder_trimesh.cpp(992): warning C4244: “=”: 从“const dReal”转换到“float”，可能丢失数据
     1>c:\users\lisa\desktop\660\authoring tool\project\ode-0.13\ode\src\collision_cylinder_trimesh.cpp(993): warning C4244: “=”: 从“const dReal”转换到“float”，可能丢失数据
     1>c:\users\lisa\desktop\660\authoring tool\project\ode-0.13\ode\src\collision_cylinder_trimesh.cpp(995): warning C4244: “=”: 从“const dReal”转换到“float”，可能丢失数据
     1>c:\users\lisa\desktop\660\authoring tool\project\ode-0.13\ode\src\collision_cylinder_trimesh.cpp(996): warning C4244: “=”: 从“const dReal”转换到“float”，可能丢失数据
     1>c:\users\lisa\desktop\660\authoring tool\project\ode-0.13\ode\src\collision_cylinder_trimesh.cpp(997): warning C4244: “=”: 从“const dReal”转换到“float”，可能丢失数据
     1>c:\users\lisa\desktop\660\authoring tool\project\ode-0.13\ode\src\collision_cylinder_trimesh.cpp(999): warning C4244: “=”: 从“const dReal”转换到“float”，可能丢失数据
     1>c:\users\lisa\desktop\660\authoring tool\project\ode-0.13\ode\src\collision_cylinder_trimesh.cpp(1000): warning C4244: “=”: 从“const dReal”转换到“float”，可能丢失数据
     1>c:\users\lisa\desktop\660\authoring tool\project\ode-0.13\ode\src\collision_cylinder_trimesh.cpp(1001): warning C4244: “=”: 从“const dReal”转换到“float”，可能丢失数据
         collision_cylinder_sphere.cpp
         collision_cylinder_plane.cpp
         collision_cylinder_box.cpp
         capsule.cpp
         box.cpp
         array.cpp
         universal.cpp
         transmission.cpp
         slider.cpp
         pu.cpp
         pr.cpp
         plane2d.cpp
         piston.cpp
         正在生成代码...
         正在编译...
         null.cpp
         lmotor.cpp
         joint.cpp
         hinge2.cpp
         hinge.cpp
         fixed.cpp
         dhinge.cpp
         dball.cpp
         contact.cpp
         ball.cpp
         amotor.cpp
         正在生成代码...
         c:\Program Files (x86)\Microsoft Visual Studio 10.0\VC\bin\CL.exe /c /I..\..\include /I..\..\ode\src /I..\..\ode\src\joints /I..\..\OPCODE /I..\..\GIMPACT\include /I..\..\libccd\src /I..\..\ou\include /ZI /nologo /W3 /WX- /Od /Oy- /D _MT /D _DEBUG /D dIDEDOUBLE /D CCD_IDEDOUBLE /D WIN32 /D _CRT_SECURE_NO_DEPRECATE /D _USE_MATH_DEFINES /D _OU_NAMESPACE=odeou /D ODE_LIB /D _MBCS /Gm /EHsc /RTC1 /MDd /GS /Gy /fp:precise /Zc:wchar_t /Zc:forScope /Fo"obj\DebugDoubleLib\\" /Fd"obj\DebugDoubleLib\vc100.pdb" /Gd /TC /analyze- /errorReport:prompt ..\..\ode\src\fastdot.c ..\..\ode\src\fastldlt.c ..\..\ode\src\fastlsolve.c ..\..\ode\src\fastltsolve.c ..\..\ode\src\nextafterf.c
         nextafterf.c
         fastltsolve.c
         fastlsolve.c
         fastldlt.c
         fastdot.c
         正在生成代码...
       Lib:
         c:\Program Files (x86)\Microsoft Visual Studio 10.0\VC\bin\Lib.exe /OUT:"..\..\lib\DebugDoubleLib\ode_doubled.lib" /NOLOGO obj\DebugDoubleLib\amotor.obj
         obj\DebugDoubleLib\ball.obj
         obj\DebugDoubleLib\contact.obj
         obj\DebugDoubleLib\dball.obj
         obj\DebugDoubleLib\dhinge.obj
         obj\DebugDoubleLib\fixed.obj
         obj\DebugDoubleLib\hinge.obj
         obj\DebugDoubleLib\hinge2.obj
         obj\DebugDoubleLib\joint.obj
         obj\DebugDoubleLib\lmotor.obj
         obj\DebugDoubleLib\null.obj
         obj\DebugDoubleLib\piston.obj
         obj\DebugDoubleLib\plane2d.obj
         obj\DebugDoubleLib\pr.obj
         obj\DebugDoubleLib\pu.obj
         obj\DebugDoubleLib\slider.obj
         obj\DebugDoubleLib\transmission.obj
         obj\DebugDoubleLib\universal.obj
         obj\DebugDoubleLib\fastdot.obj
         obj\DebugDoubleLib\fastldlt.obj
         obj\DebugDoubleLib\fastlsolve.obj
         obj\DebugDoubleLib\fastltsolve.obj
         obj\DebugDoubleLib\nextafterf.obj
         obj\DebugDoubleLib\array.obj
         obj\DebugDoubleLib\box.obj
         obj\DebugDoubleLib\capsule.obj
         obj\DebugDoubleLib\collision_cylinder_box.obj
         obj\DebugDoubleLib\collision_cylinder_plane.obj
         obj\DebugDoubleLib\collision_cylinder_sphere.obj
         obj\DebugDoubleLib\collision_cylinder_trimesh.obj
         obj\DebugDoubleLib\collision_kernel.obj
         obj\DebugDoubleLib\collision_quadtreespace.obj
         obj\DebugDoubleLib\collision_sapspace.obj
         obj\DebugDoubleLib\collision_space.obj
         obj\DebugDoubleLib\collision_transform.obj
         obj\DebugDoubleLib\collision_trimesh_box.obj
         obj\DebugDoubleLib\collision_trimesh_ccylinder.obj
         obj\DebugDoubleLib\collision_trimesh_disabled.obj
         obj\DebugDoubleLib\collision_trimesh_distance.obj
         obj\DebugDoubleLib\collision_trimesh_gimpact.obj
         obj\DebugDoubleLib\collision_trimesh_opcode.obj
         obj\DebugDoubleLib\collision_trimesh_plane.obj
         obj\DebugDoubleLib\collision_trimesh_ray.obj
         obj\DebugDoubleLib\collision_trimesh_sphere.obj
         obj\DebugDoubleLib\collision_trimesh_trimesh.obj
         obj\DebugDoubleLib\collision_trimesh_trimesh_new.obj
         obj\DebugDoubleLib\collision_util.obj
         obj\DebugDoubleLib\convex.obj
         obj\DebugDoubleLib\cylinder.obj
         obj\DebugDoubleLib\error.obj
         "obj\DebugDoubleLib\export-dif.obj"
         obj\DebugDoubleLib\heightfield.obj
         obj\DebugDoubleLib\lcp.obj
         obj\DebugDoubleLib\mass.obj
         obj\DebugDoubleLib\mat.obj
         obj\DebugDoubleLib\matrix.obj
         obj\DebugDoubleLib\memory.obj
         obj\DebugDoubleLib\misc.obj
         obj\DebugDoubleLib\objects.obj
         obj\DebugDoubleLib\obstack.obj
         obj\DebugDoubleLib\ode.obj
         obj\DebugDoubleLib\odeinit.obj
         obj\DebugDoubleLib\odemath.obj
         obj\DebugDoubleLib\odeou.obj
         obj\DebugDoubleLib\odetls.obj
         obj\DebugDoubleLib\plane.obj
         obj\DebugDoubleLib\quickstep.obj
         obj\DebugDoubleLib\ray.obj
         obj\DebugDoubleLib\rotation.obj
         obj\DebugDoubleLib\sphere.obj
         obj\DebugDoubleLib\step.obj
         obj\DebugDoubleLib\threading_base.obj
         obj\DebugDoubleLib\threading_impl.obj
         obj\DebugDoubleLib\threading_pool_posix.obj
         obj\DebugDoubleLib\threading_pool_win.obj
         obj\DebugDoubleLib\timer.obj
         obj\DebugDoubleLib\util.obj
         obj\DebugDoubleLib\atomic.obj
         obj\DebugDoubleLib\customization.obj
         obj\DebugDoubleLib\malloc.obj
         obj\DebugDoubleLib\threadlocalstorage.obj
         obj\DebugDoubleLib\outest.obj
         obj\DebugDoubleLib\Opcode.obj
         obj\DebugDoubleLib\OPC_AABBCollider.obj
         obj\DebugDoubleLib\OPC_AABBTree.obj
         obj\DebugDoubleLib\OPC_BaseModel.obj
         obj\DebugDoubleLib\OPC_Collider.obj
         obj\DebugDoubleLib\OPC_Common.obj
         obj\DebugDoubleLib\OPC_HybridModel.obj
         obj\DebugDoubleLib\OPC_LSSCollider.obj
         obj\DebugDoubleLib\OPC_MeshInterface.obj
         obj\DebugDoubleLib\OPC_Model.obj
         obj\DebugDoubleLib\OPC_OBBCollider.obj
         obj\DebugDoubleLib\OPC_OptimizedTree.obj
         obj\DebugDoubleLib\OPC_Picking.obj
         obj\DebugDoubleLib\OPC_PlanesCollider.obj
         obj\DebugDoubleLib\OPC_RayCollider.obj
         obj\DebugDoubleLib\OPC_SphereCollider.obj
         obj\DebugDoubleLib\OPC_TreeBuilders.obj
         obj\DebugDoubleLib\OPC_TreeCollider.obj
         obj\DebugDoubleLib\OPC_VolumeCollider.obj
         obj\DebugDoubleLib\IceAABB.obj
         obj\DebugDoubleLib\IceContainer.obj
         obj\DebugDoubleLib\IceHPoint.obj
         obj\DebugDoubleLib\IceIndexedTriangle.obj
         obj\DebugDoubleLib\IceMatrix3x3.obj
         obj\DebugDoubleLib\IceMatrix4x4.obj
         obj\DebugDoubleLib\IceOBB.obj
         obj\DebugDoubleLib\IcePlane.obj
         obj\DebugDoubleLib\IcePoint.obj
         obj\DebugDoubleLib\IceRandom.obj
         obj\DebugDoubleLib\IceRay.obj
         obj\DebugDoubleLib\IceRevisitedRadix.obj
         obj\DebugDoubleLib\IceSegment.obj
         obj\DebugDoubleLib\IceTriangle.obj
         obj\DebugDoubleLib\IceUtils.obj
     1>OPC_Picking.obj : warning LNK4221: 此对象文件未定义任何之前未定义的公共符号，因此任何耗用此库的链接操作都不会使用此文件
     1>OPC_Common.obj : warning LNK4221: 此对象文件未定义任何之前未定义的公共符号，因此任何耗用此库的链接操作都不会使用此文件
     1>odetls.obj : warning LNK4221: 此对象文件未定义任何之前未定义的公共符号，因此任何耗用此库的链接操作都不会使用此文件
     1>collision_trimesh_gimpact.obj : warning LNK4221: 此对象文件未定义任何之前未定义的公共符号，因此任何耗用此库的链接操作都不会使用此文件
         ode.vcxproj -> C:\Users\lisa\Desktop\660\authoring tool\project\ode-0.13\build\vs2010\..\..\lib\DebugDoubleLib\ode_doubled.lib
       FinalizeBuildStatus:
         正在删除文件“obj\DebugDoubleLib\ode.unsuccessfulbuild”。
         正在对“obj\DebugDoubleLib\ode.lastbuildstate”执行 Touch 任务。
     1>已完成生成项目“C:\Users\lisa\Desktop\660\authoring tool\project\ode-0.13\build\vs2010\ode.vcxproj”(build 个目标)的操作。

生成成功。

已用时间 00:00:54.66
