生成启动时间为 2015/4/15 23:28:41。
     1>项目“C:\Users\lisa\Desktop\660\authoring tool\project\ode-0.13\build\vs2010\ode.vcxproj”在节点 2 上(build 个目标)。
     1>PrepareForBuild:
         正在创建目录“..\..\lib\DebugSingleDLL\”。
       InitializeBuildStatus:
         正在创建“obj\DebugSingleDLL\ode.unsuccessfulbuild”，因为已指定“AlwaysCreate”。
       ClCompile:
         c:\Program Files (x86)\Microsoft Visual Studio 10.0\VC\bin\CL.exe /c /I..\..\include /I..\..\ode\src /I..\..\ode\src\joints /I..\..\OPCODE /I..\..\GIMPACT\include /I..\..\libccd\src /I..\..\ou\include /ZI /nologo /W3 /WX- /Od /Oy- /D _MT /D _DEBUG /D dIDESINGLE /D CCD_IDESINGLE /D WIN32 /D _CRT_SECURE_NO_DEPRECATE /D _USE_MATH_DEFINES /D _OU_NAMESPACE=odeou /D ODE_DLL /D _DLL /D _WINDLL /D _MBCS /Gm /EHsc /RTC1 /MDd /GS /Gy /fp:precise /Zc:wchar_t /Zc:forScope /Fo"obj\DebugSingleDLL\\" /Fd"obj\DebugSingleDLL\vc100.pdb" /Gd /TP /analyze- /errorReport:prompt ..\..\ode\src\joints\amotor.cpp ..\..\ode\src\joints\ball.cpp ..\..\ode\src\joints\contact.cpp ..\..\ode\src\joints\dball.cpp ..\..\ode\src\joints\dhinge.cpp ..\..\ode\src\joints\fixed.cpp ..\..\ode\src\joints\hinge.cpp ..\..\ode\src\joints\hinge2.cpp ..\..\ode\src\joints\joint.cpp ..\..\ode\src\joints\lmotor.cpp ..\..\ode\src\joints\null.cpp ..\..\ode\src\joints\piston.cpp ..\..\ode\src\joints\plane2d.cpp ..\..\ode\src\joints\pr.cpp ..\..\ode\src\joints\pu.cpp ..\..\ode\src\joints\slider.cpp ..\..\ode\src\joints\transmission.cpp ..\..\ode\src\joints\universal.cpp ..\..\ode\src\array.cpp ..\..\ode\src\box.cpp ..\..\ode\src\capsule.cpp ..\..\ode\src\collision_cylinder_box.cpp ..\..\ode\src\collision_cylinder_plane.cpp ..\..\ode\src\collision_cylinder_sphere.cpp ..\..\ode\src\collision_cylinder_trimesh.cpp ..\..\ode\src\collision_kernel.cpp ..\..\ode\src\collision_quadtreespace.cpp ..\..\ode\src\collision_sapspace.cpp ..\..\ode\src\collision_space.cpp ..\..\ode\src\collision_transform.cpp ..\..\ode\src\collision_trimesh_box.cpp ..\..\ode\src\collision_trimesh_ccylinder.cpp ..\..\ode\src\collision_trimesh_disabled.cpp ..\..\ode\src\collision_trimesh_distance.cpp ..\..\ode\src\collision_trimesh_gimpact.cpp ..\..\ode\src\collision_trimesh_opcode.cpp ..\..\ode\src\collision_trimesh_plane.cpp ..\..\ode\src\collision_trimesh_ray.cpp ..\..\ode\src\collision_trimesh_sphere.cpp ..\..\ode\src\collision_trimesh_trimesh.cpp ..\..\ode\src\collision_trimesh_trimesh_new.cpp ..\..\ode\src\collision_util.cpp ..\..\ode\src\convex.cpp ..\..\ode\src\cylinder.cpp ..\..\ode\src\error.cpp "..\..\ode\src\export-dif.cpp" ..\..\ode\src\heightfield.cpp ..\..\ode\src\lcp.cpp ..\..\ode\src\mass.cpp ..\..\ode\src\mat.cpp ..\..\ode\src\matrix.cpp ..\..\ode\src\memory.cpp ..\..\ode\src\misc.cpp ..\..\ode\src\objects.cpp ..\..\ode\src\obstack.cpp ..\..\ode\src\ode.cpp ..\..\ode\src\odeinit.cpp ..\..\ode\src\odemath.cpp ..\..\ode\src\odeou.cpp ..\..\ode\src\odetls.cpp ..\..\ode\src\plane.cpp ..\..\ode\src\quickstep.cpp ..\..\ode\src\ray.cpp ..\..\ode\src\rotation.cpp ..\..\ode\src\sphere.cpp ..\..\ode\src\step.cpp ..\..\ode\src\threading_base.cpp ..\..\ode\src\threading_impl.cpp ..\..\ode\src\threading_pool_posix.cpp ..\..\ode\src\threading_pool_win.cpp ..\..\ode\src\timer.cpp ..\..\ode\src\util.cpp ..\..\ou\src\ou\atomic.cpp ..\..\ou\src\ou\customization.cpp ..\..\ou\src\ou\malloc.cpp ..\..\ou\src\ou\threadlocalstorage.cpp ..\..\ou\test\outest.cpp ..\..\OPCODE\Opcode.cpp ..\..\OPCODE\OPC_AABBCollider.cpp ..\..\OPCODE\OPC_AABBTree.cpp ..\..\OPCODE\OPC_BaseModel.cpp ..\..\OPCODE\OPC_Collider.cpp ..\..\OPCODE\OPC_Common.cpp ..\..\OPCODE\OPC_HybridModel.cpp ..\..\OPCODE\OPC_LSSCollider.cpp ..\..\OPCODE\OPC_MeshInterface.cpp ..\..\OPCODE\OPC_Model.cpp ..\..\OPCODE\OPC_OBBCollider.cpp ..\..\OPCODE\OPC_OptimizedTree.cpp ..\..\OPCODE\OPC_Picking.cpp ..\..\OPCODE\OPC_PlanesCollider.cpp ..\..\OPCODE\OPC_RayCollider.cpp ..\..\OPCODE\OPC_SphereCollider.cpp ..\..\OPCODE\OPC_TreeBuilders.cpp ..\..\OPCODE\OPC_TreeCollider.cpp ..\..\OPCODE\OPC_VolumeCollider.cpp ..\..\OPCODE\Ice\IceAABB.cpp ..\..\OPCODE\Ice\IceContainer.cpp ..\..\OPCODE\Ice\IceHPoint.cpp ..\..\OPCODE\Ice\IceIndexedTriangle.cpp ..\..\OPCODE\Ice\IceMatrix3x3.cpp ..\..\OPCODE\Ice\IceMatrix4x4.cpp ..\..\OPCODE\Ice\IceOBB.cpp ..\..\OPCODE\Ice\IcePlane.cpp ..\..\OPCODE\Ice\IcePoint.cpp ..\..\OPCODE\Ice\IceRandom.cpp ..\..\OPCODE\Ice\IceRay.cpp ..\..\OPCODE\Ice\IceRevisitedRadix.cpp ..\..\OPCODE\Ice\IceSegment.cpp ..\..\OPCODE\Ice\IceTriangle.cpp ..\..\OPCODE\Ice\IceUtils.cpp
         IceUtils.cpp
         IceTriangle.cpp
         IceSegment.cpp
         IceRevisitedRadix.cpp
         IceRay.cpp
         IceRandom.cpp
         IcePoint.cpp
         IcePlane.cpp
         IceOBB.cpp
         IceMatrix4x4.cpp
         IceMatrix3x3.cpp
         IceIndexedTriangle.cpp
         IceHPoint.cpp
         IceContainer.cpp
         IceAABB.cpp
         OPC_VolumeCollider.cpp
         OPC_TreeCollider.cpp
         OPC_TreeBuilders.cpp
         OPC_SphereCollider.cpp
         OPC_RayCollider.cpp
         正在生成代码...
         正在编译...
         OPC_PlanesCollider.cpp
         OPC_Picking.cpp
         OPC_OptimizedTree.cpp
         OPC_OBBCollider.cpp
         OPC_Model.cpp
         OPC_MeshInterface.cpp
         OPC_LSSCollider.cpp
         OPC_HybridModel.cpp
         OPC_Common.cpp
         OPC_Collider.cpp
         OPC_BaseModel.cpp
         OPC_AABBTree.cpp
         OPC_AABBCollider.cpp
         Opcode.cpp
         outest.cpp
         threadlocalstorage.cpp
         malloc.cpp
         customization.cpp
         atomic.cpp
         util.cpp
         正在生成代码...
         正在编译...
         timer.cpp
         threading_pool_win.cpp
         threading_pool_posix.cpp
         threading_impl.cpp
         threading_base.cpp
         step.cpp
         sphere.cpp
     1>c:\users\lisa\desktop\660\authoring tool\project\ode-0.13\ode\src\collision_util.h(204): warning C4244: “=”: 从“double”转换到“dReal”，可能丢失数据
     1>c:\users\lisa\desktop\660\authoring tool\project\ode-0.13\ode\src\collision_util.h(205): warning C4244: “=”: 从“double”转换到“dReal”，可能丢失数据
     1>c:\users\lisa\desktop\660\authoring tool\project\ode-0.13\ode\src\collision_util.h(206): warning C4244: “=”: 从“double”转换到“dReal”，可能丢失数据
     1>c:\users\lisa\desktop\660\authoring tool\project\ode-0.13\ode\src\collision_util.h(208): warning C4244: “=”: 从“double”转换到“dReal”，可能丢失数据
     1>c:\users\lisa\desktop\660\authoring tool\project\ode-0.13\ode\src\collision_util.h(209): warning C4244: “=”: 从“double”转换到“dReal”，可能丢失数据
     1>c:\users\lisa\desktop\660\authoring tool\project\ode-0.13\ode\src\collision_util.h(210): warning C4244: “=”: 从“double”转换到“dReal”，可能丢失数据
     1>c:\users\lisa\desktop\660\authoring tool\project\ode-0.13\ode\src\collision_util.h(212): warning C4244: “=”: 从“double”转换到“dReal”，可能丢失数据
     1>c:\users\lisa\desktop\660\authoring tool\project\ode-0.13\ode\src\collision_util.h(213): warning C4244: “=”: 从“double”转换到“dReal”，可能丢失数据
     1>c:\users\lisa\desktop\660\authoring tool\project\ode-0.13\ode\src\collision_util.h(214): warning C4244: “=”: 从“double”转换到“dReal”，可能丢失数据
         rotation.cpp
         ray.cpp
     1>c:\users\lisa\desktop\660\authoring tool\project\ode-0.13\ode\src\collision_util.h(204): warning C4244: “=”: 从“double”转换到“dReal”，可能丢失数据
     1>c:\users\lisa\desktop\660\authoring tool\project\ode-0.13\ode\src\collision_util.h(205): warning C4244: “=”: 从“double”转换到“dReal”，可能丢失数据
     1>c:\users\lisa\desktop\660\authoring tool\project\ode-0.13\ode\src\collision_util.h(206): warning C4244: “=”: 从“double”转换到“dReal”，可能丢失数据
     1>c:\users\lisa\desktop\660\authoring tool\project\ode-0.13\ode\src\collision_util.h(208): warning C4244: “=”: 从“double”转换到“dReal”，可能丢失数据
     1>c:\users\lisa\desktop\660\authoring tool\project\ode-0.13\ode\src\collision_util.h(209): warning C4244: “=”: 从“double”转换到“dReal”，可能丢失数据
     1>c:\users\lisa\desktop\660\authoring tool\project\ode-0.13\ode\src\collision_util.h(210): warning C4244: “=”: 从“double”转换到“dReal”，可能丢失数据
     1>c:\users\lisa\desktop\660\authoring tool\project\ode-0.13\ode\src\collision_util.h(212): warning C4244: “=”: 从“double”转换到“dReal”，可能丢失数据
     1>c:\users\lisa\desktop\660\authoring tool\project\ode-0.13\ode\src\collision_util.h(213): warning C4244: “=”: 从“double”转换到“dReal”，可能丢失数据
     1>c:\users\lisa\desktop\660\authoring tool\project\ode-0.13\ode\src\collision_util.h(214): warning C4244: “=”: 从“double”转换到“dReal”，可能丢失数据
     1>c:\users\lisa\desktop\660\authoring tool\project\ode-0.13\ode\src\ray.cpp(607): warning C4244: “=”: 从“int”转换到“dReal”，可能丢失数据
         quickstep.cpp
         plane.cpp
     1>c:\users\lisa\desktop\660\authoring tool\project\ode-0.13\ode\src\collision_util.h(204): warning C4244: “=”: 从“double”转换到“dReal”，可能丢失数据
     1>c:\users\lisa\desktop\660\authoring tool\project\ode-0.13\ode\src\collision_util.h(205): warning C4244: “=”: 从“double”转换到“dReal”，可能丢失数据
     1>c:\users\lisa\desktop\660\authoring tool\project\ode-0.13\ode\src\collision_util.h(206): warning C4244: “=”: 从“double”转换到“dReal”，可能丢失数据
     1>c:\users\lisa\desktop\660\authoring tool\project\ode-0.13\ode\src\collision_util.h(208): warning C4244: “=”: 从“double”转换到“dReal”，可能丢失数据
     1>c:\users\lisa\desktop\660\authoring tool\project\ode-0.13\ode\src\collision_util.h(209): warning C4244: “=”: 从“double”转换到“dReal”，可能丢失数据
     1>c:\users\lisa\desktop\660\authoring tool\project\ode-0.13\ode\src\collision_util.h(210): warning C4244: “=”: 从“double”转换到“dReal”，可能丢失数据
     1>c:\users\lisa\desktop\660\authoring tool\project\ode-0.13\ode\src\collision_util.h(212): warning C4244: “=”: 从“double”转换到“dReal”，可能丢失数据
     1>c:\users\lisa\desktop\660\authoring tool\project\ode-0.13\ode\src\collision_util.h(213): warning C4244: “=”: 从“double”转换到“dReal”，可能丢失数据
     1>c:\users\lisa\desktop\660\authoring tool\project\ode-0.13\ode\src\collision_util.h(214): warning C4244: “=”: 从“double”转换到“dReal”，可能丢失数据
         odetls.cpp
         odeou.cpp
         odemath.cpp
         odeinit.cpp
         ode.cpp
         obstack.cpp
         objects.cpp
         misc.cpp
         memory.cpp
         正在生成代码...
         正在编译...
         matrix.cpp
         mat.cpp
         mass.cpp
         lcp.cpp
         heightfield.cpp
     1>c:\users\lisa\desktop\660\authoring tool\project\ode-0.13\ode\src\collision_util.h(204): warning C4244: “=”: 从“double”转换到“dReal”，可能丢失数据
     1>c:\users\lisa\desktop\660\authoring tool\project\ode-0.13\ode\src\collision_util.h(205): warning C4244: “=”: 从“double”转换到“dReal”，可能丢失数据
     1>c:\users\lisa\desktop\660\authoring tool\project\ode-0.13\ode\src\collision_util.h(206): warning C4244: “=”: 从“double”转换到“dReal”，可能丢失数据
     1>c:\users\lisa\desktop\660\authoring tool\project\ode-0.13\ode\src\collision_util.h(208): warning C4244: “=”: 从“double”转换到“dReal”，可能丢失数据
     1>c:\users\lisa\desktop\660\authoring tool\project\ode-0.13\ode\src\collision_util.h(209): warning C4244: “=”: 从“double”转换到“dReal”，可能丢失数据
     1>c:\users\lisa\desktop\660\authoring tool\project\ode-0.13\ode\src\collision_util.h(210): warning C4244: “=”: 从“double”转换到“dReal”，可能丢失数据
     1>c:\users\lisa\desktop\660\authoring tool\project\ode-0.13\ode\src\collision_util.h(212): warning C4244: “=”: 从“double”转换到“dReal”，可能丢失数据
     1>c:\users\lisa\desktop\660\authoring tool\project\ode-0.13\ode\src\collision_util.h(213): warning C4244: “=”: 从“double”转换到“dReal”，可能丢失数据
     1>c:\users\lisa\desktop\660\authoring tool\project\ode-0.13\ode\src\collision_util.h(214): warning C4244: “=”: 从“double”转换到“dReal”，可能丢失数据
         export-dif.cpp
         error.cpp
         cylinder.cpp
     1>c:\users\lisa\desktop\660\authoring tool\project\ode-0.13\ode\src\collision_util.h(204): warning C4244: “=”: 从“double”转换到“dReal”，可能丢失数据
     1>c:\users\lisa\desktop\660\authoring tool\project\ode-0.13\ode\src\collision_util.h(205): warning C4244: “=”: 从“double”转换到“dReal”，可能丢失数据
     1>c:\users\lisa\desktop\660\authoring tool\project\ode-0.13\ode\src\collision_util.h(206): warning C4244: “=”: 从“double”转换到“dReal”，可能丢失数据
     1>c:\users\lisa\desktop\660\authoring tool\project\ode-0.13\ode\src\collision_util.h(208): warning C4244: “=”: 从“double”转换到“dReal”，可能丢失数据
     1>c:\users\lisa\desktop\660\authoring tool\project\ode-0.13\ode\src\collision_util.h(209): warning C4244: “=”: 从“double”转换到“dReal”，可能丢失数据
     1>c:\users\lisa\desktop\660\authoring tool\project\ode-0.13\ode\src\collision_util.h(210): warning C4244: “=”: 从“double”转换到“dReal”，可能丢失数据
     1>c:\users\lisa\desktop\660\authoring tool\project\ode-0.13\ode\src\collision_util.h(212): warning C4244: “=”: 从“double”转换到“dReal”，可能丢失数据
     1>c:\users\lisa\desktop\660\authoring tool\project\ode-0.13\ode\src\collision_util.h(213): warning C4244: “=”: 从“double”转换到“dReal”，可能丢失数据
     1>c:\users\lisa\desktop\660\authoring tool\project\ode-0.13\ode\src\collision_util.h(214): warning C4244: “=”: 从“double”转换到“dReal”，可能丢失数据
         convex.cpp
     1>c:\users\lisa\desktop\660\authoring tool\project\ode-0.13\ode\src\collision_util.h(204): warning C4244: “=”: 从“double”转换到“dReal”，可能丢失数据
     1>c:\users\lisa\desktop\660\authoring tool\project\ode-0.13\ode\src\collision_util.h(205): warning C4244: “=”: 从“double”转换到“dReal”，可能丢失数据
     1>c:\users\lisa\desktop\660\authoring tool\project\ode-0.13\ode\src\collision_util.h(206): warning C4244: “=”: 从“double”转换到“dReal”，可能丢失数据
     1>c:\users\lisa\desktop\660\authoring tool\project\ode-0.13\ode\src\collision_util.h(208): warning C4244: “=”: 从“double”转换到“dReal”，可能丢失数据
     1>c:\users\lisa\desktop\660\authoring tool\project\ode-0.13\ode\src\collision_util.h(209): warning C4244: “=”: 从“double”转换到“dReal”，可能丢失数据
     1>c:\users\lisa\desktop\660\authoring tool\project\ode-0.13\ode\src\collision_util.h(210): warning C4244: “=”: 从“double”转换到“dReal”，可能丢失数据
     1>c:\users\lisa\desktop\660\authoring tool\project\ode-0.13\ode\src\collision_util.h(212): warning C4244: “=”: 从“double”转换到“dReal”，可能丢失数据
     1>c:\users\lisa\desktop\660\authoring tool\project\ode-0.13\ode\src\collision_util.h(213): warning C4244: “=”: 从“double”转换到“dReal”，可能丢失数据
     1>c:\users\lisa\desktop\660\authoring tool\project\ode-0.13\ode\src\collision_util.h(214): warning C4244: “=”: 从“double”转换到“dReal”，可能丢失数据
         collision_util.cpp
     1>c:\users\lisa\desktop\660\authoring tool\project\ode-0.13\ode\src\collision_util.h(204): warning C4244: “=”: 从“double”转换到“dReal”，可能丢失数据
     1>c:\users\lisa\desktop\660\authoring tool\project\ode-0.13\ode\src\collision_util.h(205): warning C4244: “=”: 从“double”转换到“dReal”，可能丢失数据
     1>c:\users\lisa\desktop\660\authoring tool\project\ode-0.13\ode\src\collision_util.h(206): warning C4244: “=”: 从“double”转换到“dReal”，可能丢失数据
     1>c:\users\lisa\desktop\660\authoring tool\project\ode-0.13\ode\src\collision_util.h(208): warning C4244: “=”: 从“double”转换到“dReal”，可能丢失数据
     1>c:\users\lisa\desktop\660\authoring tool\project\ode-0.13\ode\src\collision_util.h(209): warning C4244: “=”: 从“double”转换到“dReal”，可能丢失数据
     1>c:\users\lisa\desktop\660\authoring tool\project\ode-0.13\ode\src\collision_util.h(210): warning C4244: “=”: 从“double”转换到“dReal”，可能丢失数据
     1>c:\users\lisa\desktop\660\authoring tool\project\ode-0.13\ode\src\collision_util.h(212): warning C4244: “=”: 从“double”转换到“dReal”，可能丢失数据
     1>c:\users\lisa\desktop\660\authoring tool\project\ode-0.13\ode\src\collision_util.h(213): warning C4244: “=”: 从“double”转换到“dReal”，可能丢失数据
     1>c:\users\lisa\desktop\660\authoring tool\project\ode-0.13\ode\src\collision_util.h(214): warning C4244: “=”: 从“double”转换到“dReal”，可能丢失数据
         collision_trimesh_trimesh_new.cpp
         collision_trimesh_trimesh.cpp
         collision_trimesh_sphere.cpp
     1>c:\users\lisa\desktop\660\authoring tool\project\ode-0.13\ode\src\collision_util.h(204): warning C4244: “=”: 从“double”转换到“dReal”，可能丢失数据
     1>c:\users\lisa\desktop\660\authoring tool\project\ode-0.13\ode\src\collision_util.h(205): warning C4244: “=”: 从“double”转换到“dReal”，可能丢失数据
     1>c:\users\lisa\desktop\660\authoring tool\project\ode-0.13\ode\src\collision_util.h(206): warning C4244: “=”: 从“double”转换到“dReal”，可能丢失数据
     1>c:\users\lisa\desktop\660\authoring tool\project\ode-0.13\ode\src\collision_util.h(208): warning C4244: “=”: 从“double”转换到“dReal”，可能丢失数据
     1>c:\users\lisa\desktop\660\authoring tool\project\ode-0.13\ode\src\collision_util.h(209): warning C4244: “=”: 从“double”转换到“dReal”，可能丢失数据
     1>c:\users\lisa\desktop\660\authoring tool\project\ode-0.13\ode\src\collision_util.h(210): warning C4244: “=”: 从“double”转换到“dReal”，可能丢失数据
     1>c:\users\lisa\desktop\660\authoring tool\project\ode-0.13\ode\src\collision_util.h(212): warning C4244: “=”: 从“double”转换到“dReal”，可能丢失数据
     1>c:\users\lisa\desktop\660\authoring tool\project\ode-0.13\ode\src\collision_util.h(213): warning C4244: “=”: 从“double”转换到“dReal”，可能丢失数据
     1>c:\users\lisa\desktop\660\authoring tool\project\ode-0.13\ode\src\collision_util.h(214): warning C4244: “=”: 从“double”转换到“dReal”，可能丢失数据
         collision_trimesh_ray.cpp
     1>c:\users\lisa\desktop\660\authoring tool\project\ode-0.13\ode\src\collision_util.h(204): warning C4244: “=”: 从“double”转换到“dReal”，可能丢失数据
     1>c:\users\lisa\desktop\660\authoring tool\project\ode-0.13\ode\src\collision_util.h(205): warning C4244: “=”: 从“double”转换到“dReal”，可能丢失数据
     1>c:\users\lisa\desktop\660\authoring tool\project\ode-0.13\ode\src\collision_util.h(206): warning C4244: “=”: 从“double”转换到“dReal”，可能丢失数据
     1>c:\users\lisa\desktop\660\authoring tool\project\ode-0.13\ode\src\collision_util.h(208): warning C4244: “=”: 从“double”转换到“dReal”，可能丢失数据
     1>c:\users\lisa\desktop\660\authoring tool\project\ode-0.13\ode\src\collision_util.h(209): warning C4244: “=”: 从“double”转换到“dReal”，可能丢失数据
     1>c:\users\lisa\desktop\660\authoring tool\project\ode-0.13\ode\src\collision_util.h(210): warning C4244: “=”: 从“double”转换到“dReal”，可能丢失数据
     1>c:\users\lisa\desktop\660\authoring tool\project\ode-0.13\ode\src\collision_util.h(212): warning C4244: “=”: 从“double”转换到“dReal”，可能丢失数据
     1>c:\users\lisa\desktop\660\authoring tool\project\ode-0.13\ode\src\collision_util.h(213): warning C4244: “=”: 从“double”转换到“dReal”，可能丢失数据
     1>c:\users\lisa\desktop\660\authoring tool\project\ode-0.13\ode\src\collision_util.h(214): warning C4244: “=”: 从“double”转换到“dReal”，可能丢失数据
         collision_trimesh_plane.cpp
     1>c:\users\lisa\desktop\660\authoring tool\project\ode-0.13\ode\src\collision_util.h(204): warning C4244: “=”: 从“double”转换到“dReal”，可能丢失数据
     1>c:\users\lisa\desktop\660\authoring tool\project\ode-0.13\ode\src\collision_util.h(205): warning C4244: “=”: 从“double”转换到“dReal”，可能丢失数据
     1>c:\users\lisa\desktop\660\authoring tool\project\ode-0.13\ode\src\collision_util.h(206): warning C4244: “=”: 从“double”转换到“dReal”，可能丢失数据
     1>c:\users\lisa\desktop\660\authoring tool\project\ode-0.13\ode\src\collision_util.h(208): warning C4244: “=”: 从“double”转换到“dReal”，可能丢失数据
     1>c:\users\lisa\desktop\660\authoring tool\project\ode-0.13\ode\src\collision_util.h(209): warning C4244: “=”: 从“double”转换到“dReal”，可能丢失数据
     1>c:\users\lisa\desktop\660\authoring tool\project\ode-0.13\ode\src\collision_util.h(210): warning C4244: “=”: 从“double”转换到“dReal”，可能丢失数据
     1>c:\users\lisa\desktop\660\authoring tool\project\ode-0.13\ode\src\collision_util.h(212): warning C4244: “=”: 从“double”转换到“dReal”，可能丢失数据
     1>c:\users\lisa\desktop\660\authoring tool\project\ode-0.13\ode\src\collision_util.h(213): warning C4244: “=”: 从“double”转换到“dReal”，可能丢失数据
     1>c:\users\lisa\desktop\660\authoring tool\project\ode-0.13\ode\src\collision_util.h(214): warning C4244: “=”: 从“double”转换到“dReal”，可能丢失数据
         collision_trimesh_opcode.cpp
     1>c:\users\lisa\desktop\660\authoring tool\project\ode-0.13\ode\src\collision_util.h(204): warning C4244: “=”: 从“double”转换到“dReal”，可能丢失数据
     1>c:\users\lisa\desktop\660\authoring tool\project\ode-0.13\ode\src\collision_util.h(205): warning C4244: “=”: 从“double”转换到“dReal”，可能丢失数据
     1>c:\users\lisa\desktop\660\authoring tool\project\ode-0.13\ode\src\collision_util.h(206): warning C4244: “=”: 从“double”转换到“dReal”，可能丢失数据
     1>c:\users\lisa\desktop\660\authoring tool\project\ode-0.13\ode\src\collision_util.h(208): warning C4244: “=”: 从“double”转换到“dReal”，可能丢失数据
     1>c:\users\lisa\desktop\660\authoring tool\project\ode-0.13\ode\src\collision_util.h(209): warning C4244: “=”: 从“double”转换到“dReal”，可能丢失数据
     1>c:\users\lisa\desktop\660\authoring tool\project\ode-0.13\ode\src\collision_util.h(210): warning C4244: “=”: 从“double”转换到“dReal”，可能丢失数据
     1>c:\users\lisa\desktop\660\authoring tool\project\ode-0.13\ode\src\collision_util.h(212): warning C4244: “=”: 从“double”转换到“dReal”，可能丢失数据
     1>c:\users\lisa\desktop\660\authoring tool\project\ode-0.13\ode\src\collision_util.h(213): warning C4244: “=”: 从“double”转换到“dReal”，可能丢失数据
     1>c:\users\lisa\desktop\660\authoring tool\project\ode-0.13\ode\src\collision_util.h(214): warning C4244: “=”: 从“double”转换到“dReal”，可能丢失数据
         collision_trimesh_gimpact.cpp
     1>c:\users\lisa\desktop\660\authoring tool\project\ode-0.13\ode\src\collision_util.h(204): warning C4244: “=”: 从“double”转换到“dReal”，可能丢失数据
     1>c:\users\lisa\desktop\660\authoring tool\project\ode-0.13\ode\src\collision_util.h(205): warning C4244: “=”: 从“double”转换到“dReal”，可能丢失数据
     1>c:\users\lisa\desktop\660\authoring tool\project\ode-0.13\ode\src\collision_util.h(206): warning C4244: “=”: 从“double”转换到“dReal”，可能丢失数据
     1>c:\users\lisa\desktop\660\authoring tool\project\ode-0.13\ode\src\collision_util.h(208): warning C4244: “=”: 从“double”转换到“dReal”，可能丢失数据
     1>c:\users\lisa\desktop\660\authoring tool\project\ode-0.13\ode\src\collision_util.h(209): warning C4244: “=”: 从“double”转换到“dReal”，可能丢失数据
     1>c:\users\lisa\desktop\660\authoring tool\project\ode-0.13\ode\src\collision_util.h(210): warning C4244: “=”: 从“double”转换到“dReal”，可能丢失数据
     1>c:\users\lisa\desktop\660\authoring tool\project\ode-0.13\ode\src\collision_util.h(212): warning C4244: “=”: 从“double”转换到“dReal”，可能丢失数据
     1>c:\users\lisa\desktop\660\authoring tool\project\ode-0.13\ode\src\collision_util.h(213): warning C4244: “=”: 从“double”转换到“dReal”，可能丢失数据
     1>c:\users\lisa\desktop\660\authoring tool\project\ode-0.13\ode\src\collision_util.h(214): warning C4244: “=”: 从“double”转换到“dReal”，可能丢失数据
         collision_trimesh_distance.cpp
         collision_trimesh_disabled.cpp
         collision_trimesh_ccylinder.cpp
     1>c:\users\lisa\desktop\660\authoring tool\project\ode-0.13\ode\src\collision_util.h(204): warning C4244: “=”: 从“double”转换到“dReal”，可能丢失数据
     1>c:\users\lisa\desktop\660\authoring tool\project\ode-0.13\ode\src\collision_util.h(205): warning C4244: “=”: 从“double”转换到“dReal”，可能丢失数据
     1>c:\users\lisa\desktop\660\authoring tool\project\ode-0.13\ode\src\collision_util.h(206): warning C4244: “=”: 从“double”转换到“dReal”，可能丢失数据
     1>c:\users\lisa\desktop\660\authoring tool\project\ode-0.13\ode\src\collision_util.h(208): warning C4244: “=”: 从“double”转换到“dReal”，可能丢失数据
     1>c:\users\lisa\desktop\660\authoring tool\project\ode-0.13\ode\src\collision_util.h(209): warning C4244: “=”: 从“double”转换到“dReal”，可能丢失数据
     1>c:\users\lisa\desktop\660\authoring tool\project\ode-0.13\ode\src\collision_util.h(210): warning C4244: “=”: 从“double”转换到“dReal”，可能丢失数据
     1>c:\users\lisa\desktop\660\authoring tool\project\ode-0.13\ode\src\collision_util.h(212): warning C4244: “=”: 从“double”转换到“dReal”，可能丢失数据
     1>c:\users\lisa\desktop\660\authoring tool\project\ode-0.13\ode\src\collision_util.h(213): warning C4244: “=”: 从“double”转换到“dReal”，可能丢失数据
     1>c:\users\lisa\desktop\660\authoring tool\project\ode-0.13\ode\src\collision_util.h(214): warning C4244: “=”: 从“double”转换到“dReal”，可能丢失数据
         正在生成代码...
         正在编译...
         collision_trimesh_box.cpp
     1>c:\users\lisa\desktop\660\authoring tool\project\ode-0.13\ode\src\collision_util.h(204): warning C4244: “=”: 从“double”转换到“dReal”，可能丢失数据
     1>c:\users\lisa\desktop\660\authoring tool\project\ode-0.13\ode\src\collision_util.h(205): warning C4244: “=”: 从“double”转换到“dReal”，可能丢失数据
     1>c:\users\lisa\desktop\660\authoring tool\project\ode-0.13\ode\src\collision_util.h(206): warning C4244: “=”: 从“double”转换到“dReal”，可能丢失数据
     1>c:\users\lisa\desktop\660\authoring tool\project\ode-0.13\ode\src\collision_util.h(208): warning C4244: “=”: 从“double”转换到“dReal”，可能丢失数据
     1>c:\users\lisa\desktop\660\authoring tool\project\ode-0.13\ode\src\collision_util.h(209): warning C4244: “=”: 从“double”转换到“dReal”，可能丢失数据
     1>c:\users\lisa\desktop\660\authoring tool\project\ode-0.13\ode\src\collision_util.h(210): warning C4244: “=”: 从“double”转换到“dReal”，可能丢失数据
     1>c:\users\lisa\desktop\660\authoring tool\project\ode-0.13\ode\src\collision_util.h(212): warning C4244: “=”: 从“double”转换到“dReal”，可能丢失数据
     1>c:\users\lisa\desktop\660\authoring tool\project\ode-0.13\ode\src\collision_util.h(213): warning C4244: “=”: 从“double”转换到“dReal”，可能丢失数据
     1>c:\users\lisa\desktop\660\authoring tool\project\ode-0.13\ode\src\collision_util.h(214): warning C4244: “=”: 从“double”转换到“dReal”，可能丢失数据
         collision_transform.cpp
     1>c:\users\lisa\desktop\660\authoring tool\project\ode-0.13\ode\src\collision_util.h(204): warning C4244: “=”: 从“double”转换到“dReal”，可能丢失数据
     1>c:\users\lisa\desktop\660\authoring tool\project\ode-0.13\ode\src\collision_util.h(205): warning C4244: “=”: 从“double”转换到“dReal”，可能丢失数据
     1>c:\users\lisa\desktop\660\authoring tool\project\ode-0.13\ode\src\collision_util.h(206): warning C4244: “=”: 从“double”转换到“dReal”，可能丢失数据
     1>c:\users\lisa\desktop\660\authoring tool\project\ode-0.13\ode\src\collision_util.h(208): warning C4244: “=”: 从“double”转换到“dReal”，可能丢失数据
     1>c:\users\lisa\desktop\660\authoring tool\project\ode-0.13\ode\src\collision_util.h(209): warning C4244: “=”: 从“double”转换到“dReal”，可能丢失数据
     1>c:\users\lisa\desktop\660\authoring tool\project\ode-0.13\ode\src\collision_util.h(210): warning C4244: “=”: 从“double”转换到“dReal”，可能丢失数据
     1>c:\users\lisa\desktop\660\authoring tool\project\ode-0.13\ode\src\collision_util.h(212): warning C4244: “=”: 从“double”转换到“dReal”，可能丢失数据
     1>c:\users\lisa\desktop\660\authoring tool\project\ode-0.13\ode\src\collision_util.h(213): warning C4244: “=”: 从“double”转换到“dReal”，可能丢失数据
     1>c:\users\lisa\desktop\660\authoring tool\project\ode-0.13\ode\src\collision_util.h(214): warning C4244: “=”: 从“double”转换到“dReal”，可能丢失数据
         collision_space.cpp
         collision_sapspace.cpp
         collision_quadtreespace.cpp
         collision_kernel.cpp
     1>c:\users\lisa\desktop\660\authoring tool\project\ode-0.13\ode\src\collision_util.h(204): warning C4244: “=”: 从“double”转换到“dReal”，可能丢失数据
     1>c:\users\lisa\desktop\660\authoring tool\project\ode-0.13\ode\src\collision_util.h(205): warning C4244: “=”: 从“double”转换到“dReal”，可能丢失数据
     1>c:\users\lisa\desktop\660\authoring tool\project\ode-0.13\ode\src\collision_util.h(206): warning C4244: “=”: 从“double”转换到“dReal”，可能丢失数据
     1>c:\users\lisa\desktop\660\authoring tool\project\ode-0.13\ode\src\collision_util.h(208): warning C4244: “=”: 从“double”转换到“dReal”，可能丢失数据
     1>c:\users\lisa\desktop\660\authoring tool\project\ode-0.13\ode\src\collision_util.h(209): warning C4244: “=”: 从“double”转换到“dReal”，可能丢失数据
     1>c:\users\lisa\desktop\660\authoring tool\project\ode-0.13\ode\src\collision_util.h(210): warning C4244: “=”: 从“double”转换到“dReal”，可能丢失数据
     1>c:\users\lisa\desktop\660\authoring tool\project\ode-0.13\ode\src\collision_util.h(212): warning C4244: “=”: 从“double”转换到“dReal”，可能丢失数据
     1>c:\users\lisa\desktop\660\authoring tool\project\ode-0.13\ode\src\collision_util.h(213): warning C4244: “=”: 从“double”转换到“dReal”，可能丢失数据
     1>c:\users\lisa\desktop\660\authoring tool\project\ode-0.13\ode\src\collision_util.h(214): warning C4244: “=”: 从“double”转换到“dReal”，可能丢失数据
         collision_cylinder_trimesh.cpp
     1>c:\users\lisa\desktop\660\authoring tool\project\ode-0.13\ode\src\collision_util.h(204): warning C4244: “=”: 从“double”转换到“dReal”，可能丢失数据
     1>c:\users\lisa\desktop\660\authoring tool\project\ode-0.13\ode\src\collision_util.h(205): warning C4244: “=”: 从“double”转换到“dReal”，可能丢失数据
     1>c:\users\lisa\desktop\660\authoring tool\project\ode-0.13\ode\src\collision_util.h(206): warning C4244: “=”: 从“double”转换到“dReal”，可能丢失数据
     1>c:\users\lisa\desktop\660\authoring tool\project\ode-0.13\ode\src\collision_util.h(208): warning C4244: “=”: 从“double”转换到“dReal”，可能丢失数据
     1>c:\users\lisa\desktop\660\authoring tool\project\ode-0.13\ode\src\collision_util.h(209): warning C4244: “=”: 从“double”转换到“dReal”，可能丢失数据
     1>c:\users\lisa\desktop\660\authoring tool\project\ode-0.13\ode\src\collision_util.h(210): warning C4244: “=”: 从“double”转换到“dReal”，可能丢失数据
     1>c:\users\lisa\desktop\660\authoring tool\project\ode-0.13\ode\src\collision_util.h(212): warning C4244: “=”: 从“double”转换到“dReal”，可能丢失数据
     1>c:\users\lisa\desktop\660\authoring tool\project\ode-0.13\ode\src\collision_util.h(213): warning C4244: “=”: 从“double”转换到“dReal”，可能丢失数据
     1>c:\users\lisa\desktop\660\authoring tool\project\ode-0.13\ode\src\collision_util.h(214): warning C4244: “=”: 从“double”转换到“dReal”，可能丢失数据
         collision_cylinder_sphere.cpp
     1>c:\users\lisa\desktop\660\authoring tool\project\ode-0.13\ode\src\collision_util.h(204): warning C4244: “=”: 从“double”转换到“dReal”，可能丢失数据
     1>c:\users\lisa\desktop\660\authoring tool\project\ode-0.13\ode\src\collision_util.h(205): warning C4244: “=”: 从“double”转换到“dReal”，可能丢失数据
     1>c:\users\lisa\desktop\660\authoring tool\project\ode-0.13\ode\src\collision_util.h(206): warning C4244: “=”: 从“double”转换到“dReal”，可能丢失数据
     1>c:\users\lisa\desktop\660\authoring tool\project\ode-0.13\ode\src\collision_util.h(208): warning C4244: “=”: 从“double”转换到“dReal”，可能丢失数据
     1>c:\users\lisa\desktop\660\authoring tool\project\ode-0.13\ode\src\collision_util.h(209): warning C4244: “=”: 从“double”转换到“dReal”，可能丢失数据
     1>c:\users\lisa\desktop\660\authoring tool\project\ode-0.13\ode\src\collision_util.h(210): warning C4244: “=”: 从“double”转换到“dReal”，可能丢失数据
     1>c:\users\lisa\desktop\660\authoring tool\project\ode-0.13\ode\src\collision_util.h(212): warning C4244: “=”: 从“double”转换到“dReal”，可能丢失数据
     1>c:\users\lisa\desktop\660\authoring tool\project\ode-0.13\ode\src\collision_util.h(213): warning C4244: “=”: 从“double”转换到“dReal”，可能丢失数据
     1>c:\users\lisa\desktop\660\authoring tool\project\ode-0.13\ode\src\collision_util.h(214): warning C4244: “=”: 从“double”转换到“dReal”，可能丢失数据
         collision_cylinder_plane.cpp
     1>c:\users\lisa\desktop\660\authoring tool\project\ode-0.13\ode\src\collision_util.h(204): warning C4244: “=”: 从“double”转换到“dReal”，可能丢失数据
     1>c:\users\lisa\desktop\660\authoring tool\project\ode-0.13\ode\src\collision_util.h(205): warning C4244: “=”: 从“double”转换到“dReal”，可能丢失数据
     1>c:\users\lisa\desktop\660\authoring tool\project\ode-0.13\ode\src\collision_util.h(206): warning C4244: “=”: 从“double”转换到“dReal”，可能丢失数据
     1>c:\users\lisa\desktop\660\authoring tool\project\ode-0.13\ode\src\collision_util.h(208): warning C4244: “=”: 从“double”转换到“dReal”，可能丢失数据
     1>c:\users\lisa\desktop\660\authoring tool\project\ode-0.13\ode\src\collision_util.h(209): warning C4244: “=”: 从“double”转换到“dReal”，可能丢失数据
     1>c:\users\lisa\desktop\660\authoring tool\project\ode-0.13\ode\src\collision_util.h(210): warning C4244: “=”: 从“double”转换到“dReal”，可能丢失数据
     1>c:\users\lisa\desktop\660\authoring tool\project\ode-0.13\ode\src\collision_util.h(212): warning C4244: “=”: 从“double”转换到“dReal”，可能丢失数据
     1>c:\users\lisa\desktop\660\authoring tool\project\ode-0.13\ode\src\collision_util.h(213): warning C4244: “=”: 从“double”转换到“dReal”，可能丢失数据
     1>c:\users\lisa\desktop\660\authoring tool\project\ode-0.13\ode\src\collision_util.h(214): warning C4244: “=”: 从“double”转换到“dReal”，可能丢失数据
         collision_cylinder_box.cpp
     1>c:\users\lisa\desktop\660\authoring tool\project\ode-0.13\ode\src\collision_util.h(204): warning C4244: “=”: 从“double”转换到“dReal”，可能丢失数据
     1>c:\users\lisa\desktop\660\authoring tool\project\ode-0.13\ode\src\collision_util.h(205): warning C4244: “=”: 从“double”转换到“dReal”，可能丢失数据
     1>c:\users\lisa\desktop\660\authoring tool\project\ode-0.13\ode\src\collision_util.h(206): warning C4244: “=”: 从“double”转换到“dReal”，可能丢失数据
     1>c:\users\lisa\desktop\660\authoring tool\project\ode-0.13\ode\src\collision_util.h(208): warning C4244: “=”: 从“double”转换到“dReal”，可能丢失数据
     1>c:\users\lisa\desktop\660\authoring tool\project\ode-0.13\ode\src\collision_util.h(209): warning C4244: “=”: 从“double”转换到“dReal”，可能丢失数据
     1>c:\users\lisa\desktop\660\authoring tool\project\ode-0.13\ode\src\collision_util.h(210): warning C4244: “=”: 从“double”转换到“dReal”，可能丢失数据
     1>c:\users\lisa\desktop\660\authoring tool\project\ode-0.13\ode\src\collision_util.h(212): warning C4244: “=”: 从“double”转换到“dReal”，可能丢失数据
     1>c:\users\lisa\desktop\660\authoring tool\project\ode-0.13\ode\src\collision_util.h(213): warning C4244: “=”: 从“double”转换到“dReal”，可能丢失数据
     1>c:\users\lisa\desktop\660\authoring tool\project\ode-0.13\ode\src\collision_util.h(214): warning C4244: “=”: 从“double”转换到“dReal”，可能丢失数据
         capsule.cpp
     1>c:\users\lisa\desktop\660\authoring tool\project\ode-0.13\ode\src\collision_util.h(204): warning C4244: “=”: 从“double”转换到“dReal”，可能丢失数据
     1>c:\users\lisa\desktop\660\authoring tool\project\ode-0.13\ode\src\collision_util.h(205): warning C4244: “=”: 从“double”转换到“dReal”，可能丢失数据
     1>c:\users\lisa\desktop\660\authoring tool\project\ode-0.13\ode\src\collision_util.h(206): warning C4244: “=”: 从“double”转换到“dReal”，可能丢失数据
     1>c:\users\lisa\desktop\660\authoring tool\project\ode-0.13\ode\src\collision_util.h(208): warning C4244: “=”: 从“double”转换到“dReal”，可能丢失数据
     1>c:\users\lisa\desktop\660\authoring tool\project\ode-0.13\ode\src\collision_util.h(209): warning C4244: “=”: 从“double”转换到“dReal”，可能丢失数据
     1>c:\users\lisa\desktop\660\authoring tool\project\ode-0.13\ode\src\collision_util.h(210): warning C4244: “=”: 从“double”转换到“dReal”，可能丢失数据
     1>c:\users\lisa\desktop\660\authoring tool\project\ode-0.13\ode\src\collision_util.h(212): warning C4244: “=”: 从“double”转换到“dReal”，可能丢失数据
     1>c:\users\lisa\desktop\660\authoring tool\project\ode-0.13\ode\src\collision_util.h(213): warning C4244: “=”: 从“double”转换到“dReal”，可能丢失数据
     1>c:\users\lisa\desktop\660\authoring tool\project\ode-0.13\ode\src\collision_util.h(214): warning C4244: “=”: 从“double”转换到“dReal”，可能丢失数据
         box.cpp
     1>c:\users\lisa\desktop\660\authoring tool\project\ode-0.13\ode\src\collision_util.h(204): warning C4244: “=”: 从“double”转换到“dReal”，可能丢失数据
     1>c:\users\lisa\desktop\660\authoring tool\project\ode-0.13\ode\src\collision_util.h(205): warning C4244: “=”: 从“double”转换到“dReal”，可能丢失数据
     1>c:\users\lisa\desktop\660\authoring tool\project\ode-0.13\ode\src\collision_util.h(206): warning C4244: “=”: 从“double”转换到“dReal”，可能丢失数据
     1>c:\users\lisa\desktop\660\authoring tool\project\ode-0.13\ode\src\collision_util.h(208): warning C4244: “=”: 从“double”转换到“dReal”，可能丢失数据
     1>c:\users\lisa\desktop\660\authoring tool\project\ode-0.13\ode\src\collision_util.h(209): warning C4244: “=”: 从“double”转换到“dReal”，可能丢失数据
     1>c:\users\lisa\desktop\660\authoring tool\project\ode-0.13\ode\src\collision_util.h(210): warning C4244: “=”: 从“double”转换到“dReal”，可能丢失数据
     1>c:\users\lisa\desktop\660\authoring tool\project\ode-0.13\ode\src\collision_util.h(212): warning C4244: “=”: 从“double”转换到“dReal”，可能丢失数据
     1>c:\users\lisa\desktop\660\authoring tool\project\ode-0.13\ode\src\collision_util.h(213): warning C4244: “=”: 从“double”转换到“dReal”，可能丢失数据
     1>c:\users\lisa\desktop\660\authoring tool\project\ode-0.13\ode\src\collision_util.h(214): warning C4244: “=”: 从“double”转换到“dReal”，可能丢失数据
         array.cpp
         universal.cpp
         transmission.cpp
         slider.cpp
         pu.cpp
         pr.cpp
         plane2d.cpp
         piston.cpp
         正在生成代码...
         正在编译...
         null.cpp
         lmotor.cpp
         joint.cpp
         hinge2.cpp
         hinge.cpp
         fixed.cpp
         dhinge.cpp
         dball.cpp
         contact.cpp
         ball.cpp
         amotor.cpp
         正在生成代码...
         c:\Program Files (x86)\Microsoft Visual Studio 10.0\VC\bin\CL.exe /c /I..\..\include /I..\..\ode\src /I..\..\ode\src\joints /I..\..\OPCODE /I..\..\GIMPACT\include /I..\..\libccd\src /I..\..\ou\include /ZI /nologo /W3 /WX- /Od /Oy- /D _MT /D _DEBUG /D dIDESINGLE /D CCD_IDESINGLE /D WIN32 /D _CRT_SECURE_NO_DEPRECATE /D _USE_MATH_DEFINES /D _OU_NAMESPACE=odeou /D ODE_DLL /D _DLL /D _WINDLL /D _MBCS /Gm /EHsc /RTC1 /MDd /GS /Gy /fp:precise /Zc:wchar_t /Zc:forScope /Fo"obj\DebugSingleDLL\\" /Fd"obj\DebugSingleDLL\vc100.pdb" /Gd /TC /analyze- /errorReport:prompt ..\..\ode\src\fastdot.c ..\..\ode\src\fastldlt.c ..\..\ode\src\fastlsolve.c ..\..\ode\src\fastltsolve.c ..\..\ode\src\nextafterf.c
         nextafterf.c
         fastltsolve.c
         fastlsolve.c
         fastldlt.c
         fastdot.c
         正在生成代码...
       ManifestResourceCompile:
         c:\Program Files (x86)\Microsoft SDKs\Windows\v7.0A\bin\rc.exe /nologo /fo"obj\DebugSingleDLL\ode_singled.dll.embed.manifest.res" obj\DebugSingleDLL\ode_singled_manifest.rc 
       Link:
         c:\Program Files (x86)\Microsoft Visual Studio 10.0\VC\bin\link.exe /ERRORREPORT:PROMPT /OUT:"..\..\lib\DebugSingleDLL\ode_singled.dll" /INCREMENTAL /NOLOGO user32.lib kernel32.lib user32.lib gdi32.lib winspool.lib comdlg32.lib advapi32.lib shell32.lib ole32.lib oleaut32.lib uuid.lib odbc32.lib odbccp32.lib /MANIFEST /ManifestFile:"obj\DebugSingleDLL\ode_singled.dll.intermediate.manifest" /MANIFESTUAC:"level='asInvoker' uiAccess='false'" /DEBUG /PDB:"C:\Users\lisa\Desktop\660\authoring tool\project\ode-0.13\lib\DebugSingleDLL\ode_singled.pdb" /SUBSYSTEM:WINDOWS /TLBID:1 /DYNAMICBASE /NXCOMPAT /IMPLIB:"..\..\lib\DebugSingleDLL\ode_singled.lib" /MACHINE:X86 /DLL obj\DebugSingleDLL\ode_singled.dll.embed.manifest.res
         obj\DebugSingleDLL\amotor.obj
         obj\DebugSingleDLL\ball.obj
         obj\DebugSingleDLL\contact.obj
         obj\DebugSingleDLL\dball.obj
         obj\DebugSingleDLL\dhinge.obj
         obj\DebugSingleDLL\fixed.obj
         obj\DebugSingleDLL\hinge.obj
         obj\DebugSingleDLL\hinge2.obj
         obj\DebugSingleDLL\joint.obj
         obj\DebugSingleDLL\lmotor.obj
         obj\DebugSingleDLL\null.obj
         obj\DebugSingleDLL\piston.obj
         obj\DebugSingleDLL\plane2d.obj
         obj\DebugSingleDLL\pr.obj
         obj\DebugSingleDLL\pu.obj
         obj\DebugSingleDLL\slider.obj
         obj\DebugSingleDLL\transmission.obj
         obj\DebugSingleDLL\universal.obj
         obj\DebugSingleDLL\fastdot.obj
         obj\DebugSingleDLL\fastldlt.obj
         obj\DebugSingleDLL\fastlsolve.obj
         obj\DebugSingleDLL\fastltsolve.obj
         obj\DebugSingleDLL\nextafterf.obj
         obj\DebugSingleDLL\array.obj
         obj\DebugSingleDLL\box.obj
         obj\DebugSingleDLL\capsule.obj
         obj\DebugSingleDLL\collision_cylinder_box.obj
         obj\DebugSingleDLL\collision_cylinder_plane.obj
         obj\DebugSingleDLL\collision_cylinder_sphere.obj
         obj\DebugSingleDLL\collision_cylinder_trimesh.obj
         obj\DebugSingleDLL\collision_kernel.obj
         obj\DebugSingleDLL\collision_quadtreespace.obj
         obj\DebugSingleDLL\collision_sapspace.obj
         obj\DebugSingleDLL\collision_space.obj
         obj\DebugSingleDLL\collision_transform.obj
         obj\DebugSingleDLL\collision_trimesh_box.obj
         obj\DebugSingleDLL\collision_trimesh_ccylinder.obj
         obj\DebugSingleDLL\collision_trimesh_disabled.obj
         obj\DebugSingleDLL\collision_trimesh_distance.obj
         obj\DebugSingleDLL\collision_trimesh_gimpact.obj
         obj\DebugSingleDLL\collision_trimesh_opcode.obj
         obj\DebugSingleDLL\collision_trimesh_plane.obj
         obj\DebugSingleDLL\collision_trimesh_ray.obj
         obj\DebugSingleDLL\collision_trimesh_sphere.obj
         obj\DebugSingleDLL\collision_trimesh_trimesh.obj
         obj\DebugSingleDLL\collision_trimesh_trimesh_new.obj
         obj\DebugSingleDLL\collision_util.obj
         obj\DebugSingleDLL\convex.obj
         obj\DebugSingleDLL\cylinder.obj
         obj\DebugSingleDLL\error.obj
         "obj\DebugSingleDLL\export-dif.obj"
         obj\DebugSingleDLL\heightfield.obj
         obj\DebugSingleDLL\lcp.obj
         obj\DebugSingleDLL\mass.obj
         obj\DebugSingleDLL\mat.obj
         obj\DebugSingleDLL\matrix.obj
         obj\DebugSingleDLL\memory.obj
         obj\DebugSingleDLL\misc.obj
         obj\DebugSingleDLL\objects.obj
         obj\DebugSingleDLL\obstack.obj
         obj\DebugSingleDLL\ode.obj
         obj\DebugSingleDLL\odeinit.obj
         obj\DebugSingleDLL\odemath.obj
         obj\DebugSingleDLL\odeou.obj
         obj\DebugSingleDLL\odetls.obj
         obj\DebugSingleDLL\plane.obj
         obj\DebugSingleDLL\quickstep.obj
         obj\DebugSingleDLL\ray.obj
         obj\DebugSingleDLL\rotation.obj
         obj\DebugSingleDLL\sphere.obj
         obj\DebugSingleDLL\step.obj
         obj\DebugSingleDLL\threading_base.obj
         obj\DebugSingleDLL\threading_impl.obj
         obj\DebugSingleDLL\threading_pool_posix.obj
         obj\DebugSingleDLL\threading_pool_win.obj
         obj\DebugSingleDLL\timer.obj
         obj\DebugSingleDLL\util.obj
         obj\DebugSingleDLL\atomic.obj
         obj\DebugSingleDLL\customization.obj
         obj\DebugSingleDLL\malloc.obj
         obj\DebugSingleDLL\threadlocalstorage.obj
         obj\DebugSingleDLL\outest.obj
         obj\DebugSingleDLL\Opcode.obj
         obj\DebugSingleDLL\OPC_AABBCollider.obj
         obj\DebugSingleDLL\OPC_AABBTree.obj
         obj\DebugSingleDLL\OPC_BaseModel.obj
         obj\DebugSingleDLL\OPC_Collider.obj
         obj\DebugSingleDLL\OPC_Common.obj
         obj\DebugSingleDLL\OPC_HybridModel.obj
         obj\DebugSingleDLL\OPC_LSSCollider.obj
         obj\DebugSingleDLL\OPC_MeshInterface.obj
         obj\DebugSingleDLL\OPC_Model.obj
         obj\DebugSingleDLL\OPC_OBBCollider.obj
         obj\DebugSingleDLL\OPC_OptimizedTree.obj
         obj\DebugSingleDLL\OPC_Picking.obj
         obj\DebugSingleDLL\OPC_PlanesCollider.obj
         obj\DebugSingleDLL\OPC_RayCollider.obj
         obj\DebugSingleDLL\OPC_SphereCollider.obj
         obj\DebugSingleDLL\OPC_TreeBuilders.obj
         obj\DebugSingleDLL\OPC_TreeCollider.obj
         obj\DebugSingleDLL\OPC_VolumeCollider.obj
         obj\DebugSingleDLL\IceAABB.obj
         obj\DebugSingleDLL\IceContainer.obj
         obj\DebugSingleDLL\IceHPoint.obj
         obj\DebugSingleDLL\IceIndexedTriangle.obj
         obj\DebugSingleDLL\IceMatrix3x3.obj
         obj\DebugSingleDLL\IceMatrix4x4.obj
         obj\DebugSingleDLL\IceOBB.obj
         obj\DebugSingleDLL\IcePlane.obj
         obj\DebugSingleDLL\IcePoint.obj
         obj\DebugSingleDLL\IceRandom.obj
         obj\DebugSingleDLL\IceRay.obj
         obj\DebugSingleDLL\IceRevisitedRadix.obj
         obj\DebugSingleDLL\IceSegment.obj
         obj\DebugSingleDLL\IceTriangle.obj
         obj\DebugSingleDLL\IceUtils.obj
            正在创建库 ..\..\lib\DebugSingleDLL\ode_singled.lib 和对象 ..\..\lib\DebugSingleDLL\ode_singled.exp
       Manifest:
         c:\Program Files (x86)\Microsoft SDKs\Windows\v7.0A\bin\mt.exe /nologo /verbose /out:"obj\DebugSingleDLL\ode_singled.dll.embed.manifest" /manifest obj\DebugSingleDLL\ode_singled.dll.intermediate.manifest
         c:\Program Files (x86)\Microsoft SDKs\Windows\v7.0A\bin\rc.exe /nologo /fo"obj\DebugSingleDLL\ode_singled.dll.embed.manifest.res" obj\DebugSingleDLL\ode_singled_manifest.rc 
       LinkEmbedManifest:
         c:\Program Files (x86)\Microsoft Visual Studio 10.0\VC\bin\link.exe /ERRORREPORT:PROMPT /OUT:"..\..\lib\DebugSingleDLL\ode_singled.dll" /INCREMENTAL /NOLOGO user32.lib kernel32.lib user32.lib gdi32.lib winspool.lib comdlg32.lib advapi32.lib shell32.lib ole32.lib oleaut32.lib uuid.lib odbc32.lib odbccp32.lib /MANIFEST /ManifestFile:"obj\DebugSingleDLL\ode_singled.dll.intermediate.manifest" /MANIFESTUAC:"level='asInvoker' uiAccess='false'" /DEBUG /PDB:"C:\Users\lisa\Desktop\660\authoring tool\project\ode-0.13\lib\DebugSingleDLL\ode_singled.pdb" /SUBSYSTEM:WINDOWS /TLBID:1 /DYNAMICBASE /NXCOMPAT /IMPLIB:"..\..\lib\DebugSingleDLL\ode_singled.lib" /MACHINE:X86 /DLL obj\DebugSingleDLL\ode_singled.dll.embed.manifest.res
         obj\DebugSingleDLL\amotor.obj
         obj\DebugSingleDLL\ball.obj
         obj\DebugSingleDLL\contact.obj
         obj\DebugSingleDLL\dball.obj
         obj\DebugSingleDLL\dhinge.obj
         obj\DebugSingleDLL\fixed.obj
         obj\DebugSingleDLL\hinge.obj
         obj\DebugSingleDLL\hinge2.obj
         obj\DebugSingleDLL\joint.obj
         obj\DebugSingleDLL\lmotor.obj
         obj\DebugSingleDLL\null.obj
         obj\DebugSingleDLL\piston.obj
         obj\DebugSingleDLL\plane2d.obj
         obj\DebugSingleDLL\pr.obj
         obj\DebugSingleDLL\pu.obj
         obj\DebugSingleDLL\slider.obj
         obj\DebugSingleDLL\transmission.obj
         obj\DebugSingleDLL\universal.obj
         obj\DebugSingleDLL\fastdot.obj
         obj\DebugSingleDLL\fastldlt.obj
         obj\DebugSingleDLL\fastlsolve.obj
         obj\DebugSingleDLL\fastltsolve.obj
         obj\DebugSingleDLL\nextafterf.obj
         obj\DebugSingleDLL\array.obj
         obj\DebugSingleDLL\box.obj
         obj\DebugSingleDLL\capsule.obj
         obj\DebugSingleDLL\collision_cylinder_box.obj
         obj\DebugSingleDLL\collision_cylinder_plane.obj
         obj\DebugSingleDLL\collision_cylinder_sphere.obj
         obj\DebugSingleDLL\collision_cylinder_trimesh.obj
         obj\DebugSingleDLL\collision_kernel.obj
         obj\DebugSingleDLL\collision_quadtreespace.obj
         obj\DebugSingleDLL\collision_sapspace.obj
         obj\DebugSingleDLL\collision_space.obj
         obj\DebugSingleDLL\collision_transform.obj
         obj\DebugSingleDLL\collision_trimesh_box.obj
         obj\DebugSingleDLL\collision_trimesh_ccylinder.obj
         obj\DebugSingleDLL\collision_trimesh_disabled.obj
         obj\DebugSingleDLL\collision_trimesh_distance.obj
         obj\DebugSingleDLL\collision_trimesh_gimpact.obj
         obj\DebugSingleDLL\collision_trimesh_opcode.obj
         obj\DebugSingleDLL\collision_trimesh_plane.obj
         obj\DebugSingleDLL\collision_trimesh_ray.obj
         obj\DebugSingleDLL\collision_trimesh_sphere.obj
         obj\DebugSingleDLL\collision_trimesh_trimesh.obj
         obj\DebugSingleDLL\collision_trimesh_trimesh_new.obj
         obj\DebugSingleDLL\collision_util.obj
         obj\DebugSingleDLL\convex.obj
         obj\DebugSingleDLL\cylinder.obj
         obj\DebugSingleDLL\error.obj
         "obj\DebugSingleDLL\export-dif.obj"
         obj\DebugSingleDLL\heightfield.obj
         obj\DebugSingleDLL\lcp.obj
         obj\DebugSingleDLL\mass.obj
         obj\DebugSingleDLL\mat.obj
         obj\DebugSingleDLL\matrix.obj
         obj\DebugSingleDLL\memory.obj
         obj\DebugSingleDLL\misc.obj
         obj\DebugSingleDLL\objects.obj
         obj\DebugSingleDLL\obstack.obj
         obj\DebugSingleDLL\ode.obj
         obj\DebugSingleDLL\odeinit.obj
         obj\DebugSingleDLL\odemath.obj
         obj\DebugSingleDLL\odeou.obj
         obj\DebugSingleDLL\odetls.obj
         obj\DebugSingleDLL\plane.obj
         obj\DebugSingleDLL\quickstep.obj
         obj\DebugSingleDLL\ray.obj
         obj\DebugSingleDLL\rotation.obj
         obj\DebugSingleDLL\sphere.obj
         obj\DebugSingleDLL\step.obj
         obj\DebugSingleDLL\threading_base.obj
         obj\DebugSingleDLL\threading_impl.obj
         obj\DebugSingleDLL\threading_pool_posix.obj
         obj\DebugSingleDLL\threading_pool_win.obj
         obj\DebugSingleDLL\timer.obj
         obj\DebugSingleDLL\util.obj
         obj\DebugSingleDLL\atomic.obj
         obj\DebugSingleDLL\customization.obj
         obj\DebugSingleDLL\malloc.obj
         obj\DebugSingleDLL\threadlocalstorage.obj
         obj\DebugSingleDLL\outest.obj
         obj\DebugSingleDLL\Opcode.obj
         obj\DebugSingleDLL\OPC_AABBCollider.obj
         obj\DebugSingleDLL\OPC_AABBTree.obj
         obj\DebugSingleDLL\OPC_BaseModel.obj
         obj\DebugSingleDLL\OPC_Collider.obj
         obj\DebugSingleDLL\OPC_Common.obj
         obj\DebugSingleDLL\OPC_HybridModel.obj
         obj\DebugSingleDLL\OPC_LSSCollider.obj
         obj\DebugSingleDLL\OPC_MeshInterface.obj
         obj\DebugSingleDLL\OPC_Model.obj
         obj\DebugSingleDLL\OPC_OBBCollider.obj
         obj\DebugSingleDLL\OPC_OptimizedTree.obj
         obj\DebugSingleDLL\OPC_Picking.obj
         obj\DebugSingleDLL\OPC_PlanesCollider.obj
         obj\DebugSingleDLL\OPC_RayCollider.obj
         obj\DebugSingleDLL\OPC_SphereCollider.obj
         obj\DebugSingleDLL\OPC_TreeBuilders.obj
         obj\DebugSingleDLL\OPC_TreeCollider.obj
         obj\DebugSingleDLL\OPC_VolumeCollider.obj
         obj\DebugSingleDLL\IceAABB.obj
         obj\DebugSingleDLL\IceContainer.obj
         obj\DebugSingleDLL\IceHPoint.obj
         obj\DebugSingleDLL\IceIndexedTriangle.obj
         obj\DebugSingleDLL\IceMatrix3x3.obj
         obj\DebugSingleDLL\IceMatrix4x4.obj
         obj\DebugSingleDLL\IceOBB.obj
         obj\DebugSingleDLL\IcePlane.obj
         obj\DebugSingleDLL\IcePoint.obj
         obj\DebugSingleDLL\IceRandom.obj
         obj\DebugSingleDLL\IceRay.obj
         obj\DebugSingleDLL\IceRevisitedRadix.obj
         obj\DebugSingleDLL\IceSegment.obj
         obj\DebugSingleDLL\IceTriangle.obj
         obj\DebugSingleDLL\IceUtils.obj
            正在创建库 ..\..\lib\DebugSingleDLL\ode_singled.lib 和对象 ..\..\lib\DebugSingleDLL\ode_singled.exp
         ode.vcxproj -> C:\Users\lisa\Desktop\660\authoring tool\project\ode-0.13\build\vs2010\..\..\lib\DebugSingleDLL\ode_singled.dll
       FinalizeBuildStatus:
         正在删除文件“obj\DebugSingleDLL\ode.unsuccessfulbuild”。
         正在对“obj\DebugSingleDLL\ode.lastbuildstate”执行 Touch 任务。
     1>已完成生成项目“C:\Users\lisa\Desktop\660\authoring tool\project\ode-0.13\build\vs2010\ode.vcxproj”(build 个目标)的操作。

生成成功。

已用时间 00:00:56.23
